00:00:00.780 |I| Configuration LogValueChange: ResScale set to: 1
00:00:00.794 |I| Configuration LogValueChange: ResScaleCustom set to: 1
00:00:00.794 |I| Configuration LogValueChange: MaxAnisotropy set to: -1
00:00:00.796 |I| Configuration LogValueChange: AspectRatio set to: Stretched
00:00:00.797 |I| Configuration LogValueChange: BackendThreading set to: On
00:00:00.798 |I| Configuration LogValueChange: GraphicsBackend set to: Vulkan
00:00:00.799 |I| Configuration LogValueChange: PreferredGpu set to: 0x10DE_0x2187
00:00:00.800 |I| Configuration LogValueChange: AntiAliasing set to: None
00:00:00.802 |I| Configuration LogValueChange: ScalingFilter set to: Bilinear
00:00:00.802 |I| Configuration LogValueChange: ScalingFilterLevel set to: 80
00:00:00.805 |I| Configuration LogValueChange: EnableDockedMode set to: True
00:00:00.887 |I| Configuration LogValueChange: EnableVsync set to: True
00:00:00.887 |I| Configuration LogValueChange: EnableShaderCache set to: True
00:00:00.887 |I| Configuration LogValueChange: EnableTextureRecompression set to: False
00:00:00.887 |I| Configuration LogValueChange: EnableMacroHLE set to: True
00:00:00.887 |I| Configuration LogValueChange: EnableColorSpacePassthrough set to: False
00:00:00.887 |I| Configuration LogValueChange: EnablePtc set to: True
00:00:00.888 |I| Configuration LogValueChange: EnableInternetAccess set to: True
00:00:00.888 |I| Configuration LogValueChange: EnableFsIntegrityChecks set to: True
00:00:00.888 |I| Configuration LogValueChange: FsGlobalAccessLogMode set to: 0
00:00:00.889 |I| Configuration LogValueChange: AudioBackend set to: OpenAl
00:00:00.890 |I| Configuration LogValueChange: AudioVolume set to: 1
00:00:00.893 |I| Configuration LogValueChange: MemoryManagerMode set to: HostMappedUnsafe
00:00:00.893 |I| Configuration LogValueChange: ExpandRam set to: False
00:00:00.893 |I| Configuration LogValueChange: IgnoreMissingServices set to: False
00:00:00.893 |I| Configuration LogValueChange: UseHypervisor set to: True
00:00:00.902 |I| Configuration LogValueChange: MultiplayerMode set to: Disabled
00:00:00.945 |N| Application PrintSystemInfo: Ryujinx Version: 1.1.1386
00:00:00.951 |N| Application Print: Operating System: Microsoft Windows 10.0.19045 (X64)
00:00:00.951 |N| Application Print: CPU: Intel(R) Core(TM) i7-3770K CPU @ 3.50GHz ; 8 logical
00:00:00.954 |N| Application Print: RAM: Total 11.9 GiB ; Available 5.9 GiB
00:00:00.957 |N| Application PrintSystemInfo: Logs Enabled: Info, Warning, Error, Guest, Stub
00:00:00.959 |N| Application PrintSystemInfo: Launch Mode: Portable
00:00:05.269 |W| Application CheckScreenBounds: Failed to find valid start-up coordinates. Defaulting to primary monitor center.
00:00:00.217 |I| Gpu : Backend Threading (On): True
00:00:01.114 |N| Application LoadGuestApplication: Using Firmware Version: 18.1.0
00:00:01.115 |I| Application LoadGuestApplication: Loading as NSP.
00:00:01.180 |W| Application TryLoad: Cannot find AddOnContent file D:\Roms\Nintendo - Switch\DLC\Mario Kart 8 Deluxe [DLC Booster Course Pass] [0100152000023001][v65536][US](nsw2u.com).nsp. It may have been moved or renamed.
00:00:01.239 |I| ModLoader QueryContentsDir: Searching mods for Application 0100152000022000 in "G:\Apps\Emulators\Ryujinx\portable\mods\contents"
00:00:01.283 |I| ModLoader AddModsFromDirectory: Found disabled mod '(Skin Pack) Custom 1' [R]
00:00:01.283 |I| ModLoader AddModsFromDirectory: Found disabled mod '60FPS in Split Screen' [E]
00:00:01.285 |I| ModLoader QueryContentsDir: Searching mods for Application 0100152000022000 in "G:\Apps\Emulators\Ryujinx\portable\sdcard\atmosphere\contents"
00:00:01.290 |I| Loader Load: Loading rtld...
00:00:01.302 |I| Loader PrintRoSectionInfo: rtld:
    Module: nnrtld
00:00:01.302 |I| Loader Load: Loading main...
00:00:01.586 |I| Loader PrintRoSectionInfo: main:
    Module: D:\home\Project\TurboS\App\Rom\NX32\Product\TurboS.nss
    SDK Libraries: SDK MW+Nintendo+PiaCommon-5_2_5
                   SDK MW+Nintendo+Pia-5_2_5
                   SDK MW+Nintendo+NEX-4_0_7-apptrbs
                   SDK MW+Nintendo+NintendoSDK_gfx-0_12_16-Release
                   SDK MW+Nintendo+NintendoWare_G3d-0_12_16-Release
                   SDK MW+Nintendo+NintendoWare_Vfx-0_12_16-Release
                   SDK MW+Nintendo+NintendoWare_Atk-0_12_16-Release
                   SDK MW+Nintendo+PiaInet-5_2_5
                   SDK MW+Nintendo+PiaLan-5_2_5
                   SDK MW+Nintendo+PiaSession-5_2_5
                   SDK MW+Nintendo+PiaTransport-5_2_5
                   SDK MW+Nintendo+PiaLocal-5_2_5
                   SDK MW+Nintendo+NintendoWare_Font-0_12_16-Release
                   SDK MW+Nintendo+NintendoWare_Ui2d-0_12_16-Release
                   SDK MW+Nintendo+NEX_MM-4_0_7
                   SDK MW+Nintendo+NEX_DS-4_0_7
                   SDK MW+Nintendo+NEX_RK-4_0_7
00:00:01.587 |I| Loader Load: Loading subsdk0...
00:00:01.626 |I| Loader PrintRoSectionInfo: subsdk0:
    Module: nvn
    SDK Libraries: SDK MW+Nintendo+NintendoSDK_NVN-0_12_16-Release
00:00:01.626 |I| Loader Load: Loading subsdk1...
00:00:01.629 |I| Loader PrintRoSectionInfo: subsdk1:
    Module: nnDisplay
00:00:01.629 |I| Loader Load: Loading subsdk2...
00:00:01.631 |I| Loader PrintRoSectionInfo: subsdk2:
    Module: libz
00:00:01.631 |I| Loader Load: Loading subsdk3...
00:00:01.636 |I| Loader PrintRoSectionInfo: subsdk3:
    Module: libcurl
    SDK Libraries: SDK MW+Nintendo+NintendoSDK_libcurl-0_12_16-Release
00:00:01.636 |I| Loader Load: Loading subsdk4...
00:00:01.717 |I| Loader PrintRoSectionInfo: subsdk4:
    Module: multimedia
    SDK Libraries: SDK MW+Nintendo+NintendoSDK_movie-0_12_16-Release
00:00:01.717 |I| Loader Load: Loading sdk...
00:00:01.830 |I| Loader PrintRoSectionInfo: sdk:
    Module: nnSdk
    FS SDK Version: 0.17.16
    SDK Libraries: SDK MW+Nintendo+NintendoSdk_nnSdk-0_12_16-Release
00:00:02.007 |I| Ptc Initialize: Initializing Profiled Persistent Translation Cache (enabled: True).
00:00:02.995 |I| Ptc Load: Loaded Translation Cache (size: 42320724 bytes, translated functions: 60418).
00:00:03.082 |I| Ptc Load: Loaded Profiling Info (size: 178725 bytes, profiled functions: 59293).
00:00:03.094 |I| Loader LoadNsos: Loading image 0 at 0x0000000000700000...
00:00:03.096 |I| Loader LoadNsos: Loading image 1 at 0x0000000000706000...
00:00:03.105 |I| Loader LoadNsos: Loading image 2 at 0x0000000001a12000...
00:00:03.106 |I| Loader LoadNsos: Loading image 3 at 0x0000000001bab000...
00:00:03.106 |I| Loader LoadNsos: Loading image 4 at 0x0000000001bd3000...
00:00:03.106 |I| Loader LoadNsos: Loading image 5 at 0x0000000001be6000...
00:00:03.106 |I| Loader LoadNsos: Loading image 6 at 0x0000000001c23000...
00:00:03.109 |I| Loader LoadNsos: Loading image 7 at 0x000000000219c000...
00:00:03.114 |I| ModLoader LoadCheats: Build ids found for application 0100152000022000:
    74DAC2371A39AC4C9149B42CCE6590E1EDCB6970000000000000000000000000
    B5C39B5B7C62A88EC25FA897858C874E00000000000000000000000000000000
    5B109840874BB2C4AAF79D658314A918EEAFCB4A000000000000000000000000
    65FB977974677204ABF177847587AB2EE44E2CB1000000000000000000000000
    FC36857DA0C342FAB0755DA8D911584EF603BF80000000000000000000000000
    DF815B134BED7DAAFD826286D2E003CD60367B3D000000000000000000000000
    DB90EC869D595DD3BB6A55753A0B59CC0AAF8E2F000000000000000000000000
    66C55BF0D8B166F81AC71BFC179191FD5B8A9A33000000000000000000000000
00:00:03.122 |I| ModLoader ApplyRomFsMods: Applying RomFS mods for Application 0100152000022000
00:00:03.123 |I| ModLoader ApplyRomFsMods: No files found. Using base RomFS
00:00:03.124 |I| Application EnsureSaveData: Ensuring required savedata exists.
00:00:04.241 |I| Loader Start: Application Loaded: Mario Kart 8 Deluxe v1.0.0 [0100152000022000] [32-bit]
00:00:04.404 |I| GUI.WindowThread Hid Configure: Configured Controller ProController to Player1
00:00:04.404 |I| GUI.WindowThread Hid Configure: Configured Controller ProController to Player2
00:00:04.431 |I| GUI.WindowThread Hid SetupNpad: Connected Controller ProController to Player1
00:00:04.431 |I| GUI.WindowThread Hid SetupNpad: Connected Controller ProController to Player2
00:00:22.162 |N| GUI.RenderThread Gpu PrintGpuInformation: NVIDIA NVIDIA GeForce GTX 1650 SUPER (Vulkan v1.4.329, Driver v595.97.0.0)
00:00:22.173 |I| GPU.MainThread Gpu LoadShaders: Loading 4968 shaders from the cache...
00:00:39.944 |I| GPU.MainThread Gpu LoadShaders: Shader cache loaded.
00:00:41.365 |I| HLE.GuestThread.46 Ptc LoadTranslations: 59107 translated functions loaded
00:00:41.384 |I| HLE.GuestThread.46 Ptc MakeAndSaveTranslations: 0 of 186 functions translated | Thread count: 7
00:00:41.919 |I| HLE.GuestThread.46 Ptc MakeAndSaveTranslations: 186 of 186 functions translated | Thread count: 7 in 0.5338556 s
00:00:42.079 |S| HLE.OsThread.47 ServiceAm GetAppletResourceUserId: Stubbed. {appletResourceUserId: 1}
00:00:42.084 |S| HLE.OsThread.47 ServiceAm AcquireForegroundRights: Stubbed. 
00:00:42.085 |S| HLE.OsThread.47 ServiceAm SetFocusHandlingMode: Stubbed. {unknownFlag1: False ; unknownFlag2: False ; unknownFlag3: True}
00:00:43.317 |I| HLE.OsThread.47 SurfaceFlinger CreateLayerFromId: Creating layer 1
00:00:43.353 |S| HLE.OsThread.4 ServiceNv InitializeEx: Stubbed. 
00:00:43.393 |S| HLE.OsThread.4 ServiceNv GetActiveSlotMask: Stubbed. 
00:00:43.474 |S| HLE.OsThread.4 ServiceNv SetNvMapFd: Stubbed. 
00:00:43.475 |S| HLE.OsThread.4 ServiceNv AllocGpfifoEx2: Stubbed. 
00:00:43.476 |S| HLE.OsThread.4 ServiceNv AllocObjCtx: Stubbed. 
00:00:43.477 |S| HLE.OsThread.4 ServiceNv SetErrorNotifier: Stubbed. 
00:00:43.477 |S| HLE.OsThread.4 ServiceNv SetUserData: Stubbed. 
00:00:43.478 |S| HLE.OsThread.4 ServiceNv SetPriority: Stubbed. 
00:00:43.480 |S| HLE.OsThread.4 ServiceNv ZcullBind: Stubbed. 
00:00:43.527 |S| HLE.OsThread.3 ServiceHid ActivateTouchScreen: Stubbed. {appletResourceUserId: 1}
00:00:43.528 |S| HLE.OsThread.3 ServiceHid ActiveNpadImpl: Stubbed. {appletResourceUserId: 1 ; revision: 0}
00:00:43.529 |I| GUI.WindowThread Hid SetupNpad: Disconnected Controller ProController from Player1
00:00:43.529 |I| GUI.WindowThread Hid SetupNpad: Disconnected Controller ProController from Player2
00:00:43.532 |W| GUI.WindowThread Hid Remap: No matching controllers found. Application requests 'ProController, Handheld, JoyconPair, JoyconLeft, JoyconRight' on 'Player1, Player2, Player3, Player4, Player5, Player6, Player7, Player8, Handheld'
00:00:43.532 |S| HLE.OsThread.3 ServiceHid SetSupportedNpadIdType: Stubbed. 9 Players: Player1,Player2,Player3,Player4,Player5,Player6,Player7,Player8,Handheld
00:00:43.533 |S| HLE.OsThread.3 ServiceHid SetSupportedNpadStyleSet: Stubbed. {pid: 127 ; appletResourceUserId: 1 ; type: ProController, Handheld, JoyconPair, JoyconLeft, JoyconRight}
00:00:43.533 |I| GUI.WindowThread Hid SetupNpad: Connected Controller ProController to Player1
00:00:43.533 |I| GUI.WindowThread Hid SetupNpad: Connected Controller ProController to Player2
00:00:43.533 |S| HLE.OsThread.3 ServiceHid SetSupportedNpadIdType: Stubbed. 5 Players: Player1,Player2,Player3,Player4,Handheld
00:00:43.701 |S| HLE.OsThread.47 ServiceAcc InitializeApplicationInfo: Stubbed. {TitleId: 72080821221203968}
00:00:43.706 |S| HLE.OsThread.3 ServiceHid SetNpadHandheldActivationMode: Stubbed. {appletResourceUserId: 1 ; _npadHandheldActivationMode: Dual}
00:00:46.444 |S| HLE.OsThread.47 ServiceAcc CheckAvailability: Stubbed. 
00:00:46.445 |S| HLE.OsThread.47 ServiceAcc GetNintendoAccountUserResourceCacheForApplication: Stubbed. {NetworkServiceAccountId: 51966}
00:00:46.446 |S| HLE.OsThread.47 ServiceAm LockExit: Stubbed. 
00:00:46.466 |S| HLE.OsThread.47 ServiceAm UnlockExit: Stubbed. 
00:00:46.476 |S| HLE.OsThread.47 ServiceAm SetFocusHandlingMode: Stubbed. {unknownFlag1: True ; unknownFlag2: False ; unknownFlag3: True}
00:00:46.477 |S| HLE.OsThread.47 ServiceAm SetOperationModeChangedNotification: Stubbed. {operationModeChangedNotification: True}
00:00:46.477 |S| HLE.OsThread.47 ServiceAm SetPerformanceModeChangedNotification: Stubbed. {performanceModeChangedNotification: True}
00:00:46.477 |S| HLE.OsThread.47 ServiceAm SetRestartMessageEnabled: Stubbed. {restartMessageEnabled: True}
00:00:48.994 |I| HLE.OsThread.11 AudioRenderer AcquireSessionId: Registered new renderer (0)
00:00:48.998 |I| HLE.OsThread.11 AudioRenderer Initialize: Initializing with REV1
00:00:49.173 |I| AudioProcessor.Worker AudioRenderer Work: Starting audio processor
00:00:49.173 |I| AudioRendererManager.Worker AudioRenderer SendCommands: Starting audio renderer
00:00:49.208 |I| HLE.OsThread.11 AudioRenderer Start: Starting renderer id 0
00:00:57.636 |S| HLE.OsThread.3 ServiceHid StartSixAxisSensor: Stubbed. {appletResourceUserId: 1 ; sixAxisSensorHandle: 131075}
00:00:57.637 |S| HLE.OsThread.3 ServiceHid StartSixAxisSensor: Stubbed. {appletResourceUserId: 1 ; sixAxisSensorHandle: 131331}
00:00:57.639 |S| HLE.OsThread.47 ServiceAm LockExit: Stubbed. 
00:00:57.969 |S| HLE.OsThread.47 ServiceAm UnlockExit: Stubbed. 
00:00:58.080 |I| HLE.OsThread.22 ServicePrepo ProcessPlayReport: 
PlayReport log:
 Kind: Normal
 Pid: 127
 ApplicationVersion: 0
 UserId: 00000000000000010000000000000000
 Room: user_data 
 Report: {
    "Version": "1.0.0",
    "StartupCount": 9,
    "GrandPrixTrophy": "000000000000000000000000000000000000400000000000000000000000",
    "TotalRaceNum": 8,
    "TotalBalloonBattleNum": 0,
    "TotalKeidoroBattleNum": 0,
    "TotalBombBattleNum": 0,
    "TotalCoinBattleNum": 0,
    "TotalShineBattleNum": 0,
    "TotalMileageMeter": 23970,
    "TotalRunTimeFrame": 51323,
    "TotalDrift": 156,
    "TotalMiniTurbo1": 79,
    "TotalMiniTurbo2": 40,
    "TotalMiniTurbo3": 0,
    "TotalJumpAction": 47,
    "TotalJugemRescue": 1,
    "TotalGyroTimeFrame": 0,
    "TotalAssistTimeFrame": 51323,
    "TotalAutoAccelTimeFrame": 0,
    "TotalShowMapTimeFrame": 51323,
    "TotalFlyTimeFrame": 4577,
    "TotalSwimTimeFrame": 3923,
    "TotalCoin": 63,
    "TotalDisconnectCount": 0,
    "TotalWin": 0,
    "TotalLose": 0,
    "RaceRate": 1000,
    "BattleRate": 1000,
    "OpenGoldMario": 0,
    "OpenBodyFlags": {
        "TypeCode": 0,
        "Value": "0x0000004A0080C829"
    },
    "OpenTireFlags": {
        "TypeCode": 0,
        "Value": "0x000000000000C829"
    },
    "OpenWingFlags": {
        "TypeCode": 0,
        "Value": "0x0000000000000829"
    },
    "Win150ccStaffGhostFlags": {
        "TypeCode": 0,
        "Value": "0x0000000000000000"
    },
    "Win200ccStaffGhostFlags": {
        "TypeCode": 0,
        "Value": "0x0000000000000000"
    },
    "WatchEndingFlags": {
        "TypeCode": 0,
        "Value": "0x0000000000000000"
    },
    "OpenMiiSuitsFlags": {
        "TypeCode": 0,
        "Value": "0x0000000000000000"
    }
}

00:01:22.078 |I| Ptc Save: Saved Translation Cache (size: 42433166 bytes, translated functions: 60604).
00:01:45.775 |W| HLE.OsThread.4 ServiceNv Wait: GPU processing thread is too slow, waiting on CPU...
00:01:46.776 |E| HLE.OsThread.4 Gpu WaitOnSyncpoint: Wait on syncpoint 1 for threshold 8583 took more than 1000ms, resuming execution...
00:01:48.447 |W| HLE.OsThread.4 ServiceNv Wait: GPU processing thread is too slow, waiting on CPU...
00:02:12.333 |I| .NET TP Worker Ptc Save: Saved Profiling Info (size: 178815 bytes, profiled functions: 59320).
00:02:27.837 |W| HLE.OsThread.4 ServiceNv Wait: GPU processing thread is too slow, waiting on CPU...
00:02:42.326 |I| .NET TP Worker Ptc Save: Saved Profiling Info (size: 178833 bytes, profiled functions: 59325).
00:03:07.169 |W| HLE.OsThread.4 ServiceNv Wait: GPU processing thread is too slow, waiting on CPU...
00:03:08.169 |E| HLE.OsThread.4 Gpu WaitOnSyncpoint: Wait on syncpoint 1 for threshold 22500 took more than 1000ms, resuming execution...
00:03:08.429 |W| HLE.OsThread.4 ServiceNv Wait: GPU processing thread is too slow, waiting on CPU...
00:03:09.538 |W| HLE.OsThread.4 ServiceNv Wait: GPU processing thread is too slow, waiting on CPU...
00:03:12.329 |I| .NET TP Worker Ptc Save: Saved Profiling Info (size: 179491 bytes, profiled functions: 59560).
00:03:15.048 |W| HLE.OsThread.4 ServiceNv Wait: GPU processing thread is too slow, waiting on CPU...
00:03:41.956 |I| .NET TP Worker Ptc Save: Saved Profiling Info (size: 179526 bytes, profiled functions: 59569).
00:03:47.975 |W| HLE.OsThread.4 ServiceNv Wait: GPU processing thread is too slow, waiting on CPU...
00:04:28.030 |W| HLE.OsThread.4 ServiceNv Wait: GPU processing thread is too slow, waiting on CPU...
00:04:29.268 |W| HLE.OsThread.4 ServiceNv Wait: GPU processing thread is too slow, waiting on CPU...
00:04:29.989 |W| HLE.OsThread.4 ServiceNv Wait: GPU processing thread is too slow, waiting on CPU...
00:04:42.331 |I| .NET TP Worker Ptc Save: Saved Profiling Info (size: 180081 bytes, profiled functions: 59764).
00:05:09.622 |W| HLE.OsThread.4 ServiceNv Wait: GPU processing thread is too slow, waiting on CPU...
00:05:11.957 |I| .NET TP Worker Ptc Save: Saved Profiling Info (size: 180238 bytes, profiled functions: 59825).
00:05:42.314 |I| .NET TP Worker Ptc Save: Saved Profiling Info (size: 180244 bytes, profiled functions: 59825).
00:05:48.855 |W| HLE.OsThread.4 ServiceNv Wait: GPU processing thread is too slow, waiting on CPU...
00:05:49.854 |E| HLE.OsThread.4 Gpu WaitOnSyncpoint: Wait on syncpoint 1 for threshold 50409 took more than 1000ms, resuming execution...
00:05:51.177 |W| HLE.OsThread.4 ServiceNv Wait: GPU processing thread is too slow, waiting on CPU...
00:05:51.521 |W| HLE.OsThread.4 ServiceNv Wait: GPU processing thread is too slow, waiting on CPU...
00:06:11.958 |I| .NET TP Worker Ptc Save: Saved Profiling Info (size: 181198 bytes, profiled functions: 60164).
00:06:28.954 |W| HLE.OsThread.4 ServiceNv Wait: GPU processing thread is too slow, waiting on CPU...
00:06:41.962 |I| .NET TP Worker Ptc Save: Saved Profiling Info (size: 181221 bytes, profiled functions: 60167).
00:07:08.053 |W| HLE.OsThread.4 ServiceNv Wait: GPU processing thread is too slow, waiting on CPU...
00:07:09.053 |E| HLE.OsThread.4 Gpu WaitOnSyncpoint: Wait on syncpoint 1 for threshold 64361 took more than 1000ms, resuming execution...
00:07:09.652 |W| HLE.OsThread.4 ServiceNv Wait: GPU processing thread is too slow, waiting on CPU...
00:07:10.342 |W| HLE.OsThread.4 ServiceNv Wait: GPU processing thread is too slow, waiting on CPU...
00:07:12.326 |I| .NET TP Worker Ptc Save: Saved Profiling Info (size: 181404 bytes, profiled functions: 60239).
00:07:13.302 |W| HLE.OsThread.4 ServiceNv Wait: GPU processing thread is too slow, waiting on CPU...
00:07:42.327 |I| .NET TP Worker Ptc Save: Saved Profiling Info (size: 181411 bytes, profiled functions: 60240).
00:07:48.253 |W| HLE.OsThread.4 ServiceNv Wait: GPU processing thread is too slow, waiting on CPU...
00:08:12.329 |I| .NET TP Worker Ptc Save: Saved Profiling Info (size: 181401 bytes, profiled functions: 60240).
00:08:27.578 |W| HLE.OsThread.4 ServiceNv Wait: GPU processing thread is too slow, waiting on CPU...
00:08:28.578 |E| HLE.OsThread.4 Gpu WaitOnSyncpoint: Wait on syncpoint 1 for threshold 78463 took more than 1000ms, resuming execution...
00:08:29.026 |W| HLE.OsThread.4 ServiceNv Wait: GPU processing thread is too slow, waiting on CPU...
00:08:29.792 |W| HLE.OsThread.4 ServiceNv Wait: GPU processing thread is too slow, waiting on CPU...
00:08:42.117 |I| .NET TP Worker Ptc Save: Saved Profiling Info (size: 182225 bytes, profiled functions: 60518).
00:08:47.730 |W| HLE.OsThread.4 ServiceNv Wait: GPU processing thread is too slow, waiting on CPU...
00:09:09.586 |W| HLE.OsThread.4 ServiceNv Wait: GPU processing thread is too slow, waiting on CPU...
00:09:11.962 |I| .NET TP Worker Ptc Save: Saved Profiling Info (size: 182309 bytes, profiled functions: 60540).
00:09:42.323 |I| .NET TP Worker Ptc Save: Saved Profiling Info (size: 182307 bytes, profiled functions: 60540).
00:09:49.030 |W| HLE.OsThread.4 ServiceNv Wait: GPU processing thread is too slow, waiting on CPU...
00:09:50.031 |E| HLE.OsThread.4 Gpu WaitOnSyncpoint: Wait on syncpoint 1 for threshold 92051 took more than 1000ms, resuming execution...
00:09:51.555 |W| HLE.OsThread.4 ServiceNv Wait: GPU processing thread is too slow, waiting on CPU...
00:10:11.962 |I| .NET TP Worker Ptc Save: Saved Profiling Info (size: 182700 bytes, profiled functions: 60650).
00:10:29.691 |W| HLE.OsThread.4 ServiceNv Wait: GPU processing thread is too slow, waiting on CPU...
00:10:38.685 |S| HLE.OsThread.47 ServiceAm SetFocusHandlingMode: Stubbed. {unknownFlag1: True ; unknownFlag2: False ; unknownFlag3: True}
00:10:40.120 |I| HLE.OsThread.22 ServicePrepo ProcessPlayReport: 
PlayReport log:
 Kind: Normal
 Pid: 127
 ApplicationVersion: 0
 UserId: 00000000000000010000000000000000
 Room: ui 
 Report: {
    "SequenceTime": 20260508112700,
    "SequenceNumber": 1,
    "To": "Single",
    "From": "TitleSelect"
}

00:10:40.150 |S| HLE.OsThread.4 ServiceNv SetNvMapFd: Stubbed. 
00:10:40.156 |S| HLE.OsThread.19 ServiceMm InitializeOld: Stubbed. {module: NvDec ; fgmPriority: 8 ; isAutoClearEvent: False}
00:10:40.158 |S| HLE.OsThread.19 ServiceMm SetAndWaitOld: Stubbed. {module: NvDec ; clockRateMin: 12000000 ; clockRateMax: -1}
00:10:40.160 |S| HLE.OsThread.19 ServiceMm GetOld: Stubbed. {module: NvDec}
00:10:40.172 |S| HLE.OsThread.19 ServiceMm SetAndWaitOld: Stubbed. {module: NvDec ; clockRateMin: 0 ; clockRateMax: -1}
00:10:40.173 |S| HLE.OsThread.19 ServiceMm FinalizeOld: Stubbed. {module: NvDec}
00:10:40.285 |S| HLE.OsThread.4 ServiceNv SetNvMapFd: Stubbed. 
00:10:40.288 |S| HLE.OsThread.19 ServiceMm InitializeOld: Stubbed. {module: NvDec ; fgmPriority: 8 ; isAutoClearEvent: False}
00:10:40.288 |S| HLE.OsThread.19 ServiceMm SetAndWaitOld: Stubbed. {module: NvDec ; clockRateMin: 12000000 ; clockRateMax: -1}
00:10:40.289 |S| HLE.OsThread.19 ServiceMm GetOld: Stubbed. {module: NvDec}
00:10:40.299 |S| HLE.OsThread.19 ServiceMm SetAndWaitOld: Stubbed. {module: NvDec ; clockRateMin: 4294966296 ; clockRateMax: -1}
00:10:40.300 |S| HLE.OsThread.19 ServiceMm GetOld: Stubbed. {module: NvDec}
00:10:40.301 |S| HLE.OsThread.19 ServiceMm SetAndWaitOld: Stubbed. {module: NvDec ; clockRateMin: 4294966296 ; clockRateMax: -1}
00:10:40.301 |S| HLE.OsThread.19 ServiceMm GetOld: Stubbed. {module: NvDec}
00:10:40.301 |S| HLE.OsThread.19 ServiceMm SetAndWaitOld: Stubbed. {module: NvDec ; clockRateMin: 4294966296 ; clockRateMax: -1}
00:10:40.301 |S| HLE.OsThread.19 ServiceMm GetOld: Stubbed. {module: NvDec}
00:10:40.302 |S| HLE.OsThread.19 ServiceMm SetAndWaitOld: Stubbed. {module: NvDec ; clockRateMin: 4294966296 ; clockRateMax: -1}
00:10:40.312 |S| HLE.OsThread.19 ServiceMm GetOld: Stubbed. {module: NvDec}
00:10:40.314 |S| HLE.OsThread.19 ServiceMm SetAndWaitOld: Stubbed. {module: NvDec ; clockRateMin: 4294966296 ; clockRateMax: -1}
00:10:40.315 |S| HLE.OsThread.19 ServiceMm GetOld: Stubbed. {module: NvDec}
00:10:40.315 |S| HLE.OsThread.19 ServiceMm SetAndWaitOld: Stubbed. {module: NvDec ; clockRateMin: 4294966296 ; clockRateMax: -1}
00:10:40.318 |S| HLE.OsThread.19 ServiceMm GetOld: Stubbed. {module: NvDec}
00:10:40.318 |S| HLE.OsThread.19 ServiceMm SetAndWaitOld: Stubbed. {module: NvDec ; clockRateMin: 4294966296 ; clockRateMax: -1}
00:10:40.318 |S| HLE.OsThread.19 ServiceMm GetOld: Stubbed. {module: NvDec}
00:10:40.319 |S| HLE.OsThread.19 ServiceMm SetAndWaitOld: Stubbed. {module: NvDec ; clockRateMin: 4294966296 ; clockRateMax: -1}
00:10:40.319 |S| HLE.OsThread.19 ServiceMm GetOld: Stubbed. {module: NvDec}
00:10:40.320 |S| HLE.OsThread.19 ServiceMm SetAndWaitOld: Stubbed. {module: NvDec ; clockRateMin: 4294966296 ; clockRateMax: -1}
00:10:40.320 |S| HLE.OsThread.19 ServiceMm GetOld: Stubbed. {module: NvDec}
00:10:40.322 |S| HLE.OsThread.19 ServiceMm SetAndWaitOld: Stubbed. {module: NvDec ; clockRateMin: 4294966296 ; clockRateMax: -1}
00:10:40.322 |S| HLE.OsThread.19 ServiceMm GetOld: Stubbed. {module: NvDec}
00:10:40.323 |S| HLE.OsThread.19 ServiceMm SetAndWaitOld: Stubbed. {module: NvDec ; clockRateMin: 4294966296 ; clockRateMax: -1}
00:10:40.323 |S| HLE.OsThread.19 ServiceMm GetOld: Stubbed. {module: NvDec}
00:10:40.324 |S| HLE.OsThread.19 ServiceMm SetAndWaitOld: Stubbed. {module: NvDec ; clockRateMin: 4294966296 ; clockRateMax: -1}
00:10:40.324 |S| HLE.OsThread.19 ServiceMm GetOld: Stubbed. {module: NvDec}
00:10:40.324 |S| HLE.OsThread.19 ServiceMm SetAndWaitOld: Stubbed. {module: NvDec ; clockRateMin: 4294966296 ; clockRateMax: -1}
00:10:40.324 |S| HLE.OsThread.19 ServiceMm GetOld: Stubbed. {module: NvDec}
00:10:40.324 |S| HLE.OsThread.19 ServiceMm SetAndWaitOld: Stubbed. {module: NvDec ; clockRateMin: 4294966296 ; clockRateMax: -1}
00:10:40.324 |S| HLE.OsThread.19 ServiceMm GetOld: Stubbed. {module: NvDec}
00:10:40.324 |S| HLE.OsThread.19 ServiceMm SetAndWaitOld: Stubbed. {module: NvDec ; clockRateMin: 4294966296 ; clockRateMax: -1}
00:10:40.325 |S| HLE.OsThread.19 ServiceMm GetOld: Stubbed. {module: NvDec}
00:10:40.325 |S| HLE.OsThread.19 ServiceMm SetAndWaitOld: Stubbed. {module: NvDec ; clockRateMin: 4294966296 ; clockRateMax: -1}
00:10:40.325 |S| HLE.OsThread.19 ServiceMm GetOld: Stubbed. {module: NvDec}
00:10:40.325 |S| HLE.OsThread.19 ServiceMm SetAndWaitOld: Stubbed. {module: NvDec ; clockRateMin: 4294966296 ; clockRateMax: -1}
00:10:40.325 |S| HLE.OsThread.19 ServiceMm GetOld: Stubbed. {module: NvDec}
00:10:40.325 |S| HLE.OsThread.19 ServiceMm SetAndWaitOld: Stubbed. {module: NvDec ; clockRateMin: 4294966296 ; clockRateMax: -1}
00:10:40.325 |S| HLE.OsThread.19 ServiceMm GetOld: Stubbed. {module: NvDec}
00:10:40.325 |S| HLE.OsThread.19 ServiceMm SetAndWaitOld: Stubbed. {module: NvDec ; clockRateMin: 4294966296 ; clockRateMax: -1}
00:10:40.325 |S| HLE.OsThread.19 ServiceMm GetOld: Stubbed. {module: NvDec}
00:10:40.326 |S| HLE.OsThread.19 ServiceMm SetAndWaitOld: Stubbed. {module: NvDec ; clockRateMin: 4294966296 ; clockRateMax: -1}
00:10:40.326 |S| HLE.OsThread.19 ServiceMm GetOld: Stubbed. {module: NvDec}
00:10:40.326 |S| HLE.OsThread.19 ServiceMm SetAndWaitOld: Stubbed. {module: NvDec ; clockRateMin: 4294966296 ; clockRateMax: -1}
00:10:40.326 |S| HLE.OsThread.19 ServiceMm GetOld: Stubbed. {module: NvDec}
00:10:40.326 |S| HLE.OsThread.19 ServiceMm SetAndWaitOld: Stubbed. {module: NvDec ; clockRateMin: 4294966296 ; clockRateMax: -1}
00:10:40.326 |S| HLE.OsThread.19 ServiceMm GetOld: Stubbed. {module: NvDec}
00:10:40.326 |S| HLE.OsThread.19 ServiceMm SetAndWaitOld: Stubbed. {module: NvDec ; clockRateMin: 4294966296 ; clockRateMax: -1}
00:10:40.326 |S| HLE.OsThread.19 ServiceMm GetOld: Stubbed. {module: NvDec}
00:10:40.326 |S| HLE.OsThread.19 ServiceMm SetAndWaitOld: Stubbed. {module: NvDec ; clockRateMin: 4294966296 ; clockRateMax: -1}
00:10:40.326 |S| HLE.OsThread.19 ServiceMm GetOld: Stubbed. {module: NvDec}
00:10:40.326 |S| HLE.OsThread.19 ServiceMm SetAndWaitOld: Stubbed. {module: NvDec ; clockRateMin: 4294966296 ; clockRateMax: -1}
00:10:40.326 |S| HLE.OsThread.19 ServiceMm GetOld: Stubbed. {module: NvDec}
00:10:40.326 |S| HLE.OsThread.19 ServiceMm SetAndWaitOld: Stubbed. {module: NvDec ; clockRateMin: 4294966296 ; clockRateMax: -1}
00:10:40.326 |S| HLE.OsThread.19 ServiceMm GetOld: Stubbed. {module: NvDec}
00:10:40.326 |S| HLE.OsThread.19 ServiceMm SetAndWaitOld: Stubbed. {module: NvDec ; clockRateMin: 4294966296 ; clockRateMax: -1}
00:10:40.326 |S| HLE.OsThread.19 ServiceMm GetOld: Stubbed. {module: NvDec}
00:10:40.326 |S| HLE.OsThread.19 ServiceMm SetAndWaitOld: Stubbed. {module: NvDec ; clockRateMin: 4294966296 ; clockRateMax: -1}
00:10:40.326 |S| HLE.OsThread.19 ServiceMm GetOld: Stubbed. {module: NvDec}
00:10:40.327 |S| HLE.OsThread.19 ServiceMm SetAndWaitOld: Stubbed. {module: NvDec ; clockRateMin: 4294966296 ; clockRateMax: -1}
00:10:40.327 |S| HLE.OsThread.19 ServiceMm GetOld: Stubbed. {module: NvDec}
00:10:40.341 |S| HLE.OsThread.4 ServiceNv SetNvMapFd: Stubbed. 
00:10:40.345 |S| HLE.OsThread.4 ServiceNv GetWaitBase: Stubbed. 
00:10:40.353 |S| HLE.OsThread.4 ServiceNv SetNvMapFd: Stubbed. 
00:10:40.355 |S| HLE.OsThread.4 ServiceNv GetWaitBase: Stubbed. 
00:10:40.380 |S| HLE.OsThread.19 ServiceMm SetAndWaitOld: Stubbed. {module: NvDec ; clockRateMin: 4294966296 ; clockRateMax: -1}
00:10:40.381 |S| HLE.OsThread.19 ServiceMm GetOld: Stubbed. {module: NvDec}
00:10:40.384 |S| HLE.OsThread.19 ServiceMm SetAndWaitOld: Stubbed. {module: NvDec ; clockRateMin: 4294966296 ; clockRateMax: -1}
00:10:40.384 |S| HLE.OsThread.19 ServiceMm GetOld: Stubbed. {module: NvDec}
00:10:40.385 |S| HLE.OsThread.19 ServiceMm SetAndWaitOld: Stubbed. {module: NvDec ; clockRateMin: 4294966296 ; clockRateMax: -1}
00:10:40.385 |S| HLE.OsThread.19 ServiceMm GetOld: Stubbed. {module: NvDec}
00:10:40.387 |S| HLE.OsThread.19 ServiceMm SetAndWaitOld: Stubbed. {module: NvDec ; clockRateMin: 4294966296 ; clockRateMax: -1}
00:10:40.387 |S| HLE.OsThread.19 ServiceMm GetOld: Stubbed. {module: NvDec}
00:10:40.389 |S| HLE.OsThread.19 ServiceMm SetAndWaitOld: Stubbed. {module: NvDec ; clockRateMin: 4294966296 ; clockRateMax: -1}
00:10:40.389 |S| HLE.OsThread.19 ServiceMm GetOld: Stubbed. {module: NvDec}
00:10:40.390 |S| HLE.OsThread.19 ServiceMm SetAndWaitOld: Stubbed. {module: NvDec ; clockRateMin: 4294966296 ; clockRateMax: -1}
00:10:40.390 |S| HLE.OsThread.19 ServiceMm GetOld: Stubbed. {module: NvDec}
00:10:40.390 |S| HLE.OsThread.19 ServiceMm SetAndWaitOld: Stubbed. {module: NvDec ; clockRateMin: 4294966296 ; clockRateMax: -1}
00:10:40.390 |S| HLE.OsThread.19 ServiceMm GetOld: Stubbed. {module: NvDec}
00:10:40.391 |S| HLE.OsThread.19 ServiceMm SetAndWaitOld: Stubbed. {module: NvDec ; clockRateMin: 4294966296 ; clockRateMax: -1}
00:10:40.391 |S| HLE.OsThread.19 ServiceMm GetOld: Stubbed. {module: NvDec}
00:10:40.391 |S| HLE.OsThread.19 ServiceMm SetAndWaitOld: Stubbed. {module: NvDec ; clockRateMin: 4294966296 ; clockRateMax: -1}
00:10:40.391 |S| HLE.OsThread.19 ServiceMm GetOld: Stubbed. {module: NvDec}
00:10:40.392 |S| HLE.OsThread.19 ServiceMm SetAndWaitOld: Stubbed. {module: NvDec ; clockRateMin: 4294966296 ; clockRateMax: -1}
00:10:40.392 |S| HLE.OsThread.19 ServiceMm GetOld: Stubbed. {module: NvDec}
00:10:40.392 |S| HLE.OsThread.19 ServiceMm SetAndWaitOld: Stubbed. {module: NvDec ; clockRateMin: 4294966296 ; clockRateMax: -1}
00:10:40.392 |S| HLE.OsThread.19 ServiceMm GetOld: Stubbed. {module: NvDec}
00:10:40.393 |S| HLE.OsThread.19 ServiceMm SetAndWaitOld: Stubbed. {module: NvDec ; clockRateMin: 4294966296 ; clockRateMax: -1}
00:10:40.393 |S| HLE.OsThread.19 ServiceMm GetOld: Stubbed. {module: NvDec}
00:10:40.393 |S| HLE.OsThread.19 ServiceMm SetAndWaitOld: Stubbed. {module: NvDec ; clockRateMin: 4294966296 ; clockRateMax: -1}
00:10:40.393 |S| HLE.OsThread.19 ServiceMm GetOld: Stubbed. {module: NvDec}
00:10:40.393 |S| HLE.OsThread.19 ServiceMm SetAndWaitOld: Stubbed. {module: NvDec ; clockRateMin: 4294966296 ; clockRateMax: -1}
00:10:40.393 |S| HLE.OsThread.19 ServiceMm GetOld: Stubbed. {module: NvDec}
00:10:40.393 |S| HLE.OsThread.19 ServiceMm SetAndWaitOld: Stubbed. {module: NvDec ; clockRateMin: 4294966296 ; clockRateMax: -1}
00:10:40.393 |S| HLE.OsThread.19 ServiceMm GetOld: Stubbed. {module: NvDec}
00:10:40.393 |S| HLE.OsThread.19 ServiceMm SetAndWaitOld: Stubbed. {module: NvDec ; clockRateMin: 4294966296 ; clockRateMax: -1}
00:10:40.393 |S| HLE.OsThread.19 ServiceMm GetOld: Stubbed. {module: NvDec}
00:10:40.393 |S| HLE.OsThread.19 ServiceMm SetAndWaitOld: Stubbed. {module: NvDec ; clockRateMin: 4294966296 ; clockRateMax: -1}
00:10:40.393 |S| HLE.OsThread.19 ServiceMm GetOld: Stubbed. {module: NvDec}
00:10:40.393 |S| HLE.OsThread.19 ServiceMm SetAndWaitOld: Stubbed. {module: NvDec ; clockRateMin: 4294966296 ; clockRateMax: -1}
00:10:40.393 |S| HLE.OsThread.19 ServiceMm GetOld: Stubbed. {module: NvDec}
00:10:40.393 |S| HLE.OsThread.19 ServiceMm SetAndWaitOld: Stubbed. {module: NvDec ; clockRateMin: 4294966296 ; clockRateMax: -1}
00:10:40.394 |S| HLE.OsThread.19 ServiceMm GetOld: Stubbed. {module: NvDec}
00:10:40.394 |S| HLE.OsThread.19 ServiceMm SetAndWaitOld: Stubbed. {module: NvDec ; clockRateMin: 4294966296 ; clockRateMax: -1}
00:10:40.394 |S| HLE.OsThread.19 ServiceMm GetOld: Stubbed. {module: NvDec}
00:10:40.394 |S| HLE.OsThread.19 ServiceMm SetAndWaitOld: Stubbed. {module: NvDec ; clockRateMin: 4294966296 ; clockRateMax: -1}
00:10:40.394 |S| HLE.OsThread.19 ServiceMm GetOld: Stubbed. {module: NvDec}
00:10:40.394 |S| HLE.OsThread.19 ServiceMm SetAndWaitOld: Stubbed. {module: NvDec ; clockRateMin: 4294966296 ; clockRateMax: -1}
00:10:40.394 |S| HLE.OsThread.19 ServiceMm GetOld: Stubbed. {module: NvDec}
00:10:40.394 |S| HLE.OsThread.19 ServiceMm SetAndWaitOld: Stubbed. {module: NvDec ; clockRateMin: 4294966296 ; clockRateMax: -1}
00:10:40.394 |S| HLE.OsThread.19 ServiceMm GetOld: Stubbed. {module: NvDec}
00:10:40.394 |S| HLE.OsThread.19 ServiceMm SetAndWaitOld: Stubbed. {module: NvDec ; clockRateMin: 4294966296 ; clockRateMax: -1}
00:10:40.394 |S| HLE.OsThread.19 ServiceMm GetOld: Stubbed. {module: NvDec}
00:10:40.394 |S| HLE.OsThread.19 ServiceMm SetAndWaitOld: Stubbed. {module: NvDec ; clockRateMin: 4294966296 ; clockRateMax: -1}
00:10:40.394 |S| HLE.OsThread.19 ServiceMm GetOld: Stubbed. {module: NvDec}
00:10:40.394 |S| HLE.OsThread.19 ServiceMm SetAndWaitOld: Stubbed. {module: NvDec ; clockRateMin: 4294966296 ; clockRateMax: -1}
00:10:40.394 |S| HLE.OsThread.19 ServiceMm GetOld: Stubbed. {module: NvDec}
00:10:40.788 |S| HLE.OsThread.19 ServiceMm SetAndWaitOld: Stubbed. {module: NvDec ; clockRateMin: 4294966296 ; clockRateMax: -1}
00:10:40.788 |S| HLE.OsThread.19 ServiceMm GetOld: Stubbed. {module: NvDec}
00:10:40.789 |S| HLE.OsThread.19 ServiceMm SetAndWaitOld: Stubbed. {module: NvDec ; clockRateMin: 4294966296 ; clockRateMax: -1}
00:10:40.789 |S| HLE.OsThread.19 ServiceMm GetOld: Stubbed. {module: NvDec}
00:10:40.789 |S| HLE.OsThread.19 ServiceMm SetAndWaitOld: Stubbed. {module: NvDec ; clockRateMin: 4294966296 ; clockRateMax: -1}
00:10:40.789 |S| HLE.OsThread.19 ServiceMm GetOld: Stubbed. {module: NvDec}
00:10:40.789 |S| HLE.OsThread.19 ServiceMm SetAndWaitOld: Stubbed. {module: NvDec ; clockRateMin: 4294966296 ; clockRateMax: -1}
00:10:40.789 |S| HLE.OsThread.19 ServiceMm GetOld: Stubbed. {module: NvDec}
00:10:40.793 |S| HLE.OsThread.19 ServiceMm SetAndWaitOld: Stubbed. {module: NvDec ; clockRateMin: 4294966296 ; clockRateMax: -1}
00:10:40.793 |S| HLE.OsThread.19 ServiceMm GetOld: Stubbed. {module: NvDec}
00:10:40.793 |S| HLE.OsThread.19 ServiceMm SetAndWaitOld: Stubbed. {module: NvDec ; clockRateMin: 4294966296 ; clockRateMax: -1}
00:10:40.793 |S| HLE.OsThread.19 ServiceMm GetOld: Stubbed. {module: NvDec}
00:10:40.793 |S| HLE.OsThread.19 ServiceMm SetAndWaitOld: Stubbed. {module: NvDec ; clockRateMin: 4294966296 ; clockRateMax: -1}
00:10:40.794 |S| HLE.OsThread.19 ServiceMm GetOld: Stubbed. {module: NvDec}
00:10:40.794 |S| HLE.OsThread.19 ServiceMm SetAndWaitOld: Stubbed. {module: NvDec ; clockRateMin: 4294966296 ; clockRateMax: -1}
00:10:40.794 |S| HLE.OsThread.19 ServiceMm GetOld: Stubbed. {module: NvDec}
00:10:40.794 |S| HLE.OsThread.19 ServiceMm SetAndWaitOld: Stubbed. {module: NvDec ; clockRateMin: 4294966296 ; clockRateMax: -1}
00:10:40.794 |S| HLE.OsThread.19 ServiceMm GetOld: Stubbed. {module: NvDec}
00:10:40.806 |S| HLE.OsThread.19 ServiceMm SetAndWaitOld: Stubbed. {module: NvDec ; clockRateMin: 4294966296 ; clockRateMax: -1}
00:10:40.806 |S| HLE.OsThread.19 ServiceMm GetOld: Stubbed. {module: NvDec}
00:10:40.807 |S| HLE.OsThread.19 ServiceMm SetAndWaitOld: Stubbed. {module: NvDec ; clockRateMin: 4294966296 ; clockRateMax: -1}
00:10:40.807 |S| HLE.OsThread.19 ServiceMm GetOld: Stubbed. {module: NvDec}
00:10:40.809 |S| HLE.OsThread.19 ServiceMm SetAndWaitOld: Stubbed. {module: NvDec ; clockRateMin: 4294966296 ; clockRateMax: -1}
00:10:40.809 |S| HLE.OsThread.19 ServiceMm GetOld: Stubbed. {module: NvDec}
00:10:40.817 |S| HLE.OsThread.19 ServiceMm SetAndWaitOld: Stubbed. {module: NvDec ; clockRateMin: 4294966296 ; clockRateMax: -1}
00:10:40.818 |S| HLE.OsThread.19 ServiceMm GetOld: Stubbed. {module: NvDec}
00:10:40.818 |S| HLE.OsThread.19 ServiceMm SetAndWaitOld: Stubbed. {module: NvDec ; clockRateMin: 4294966296 ; clockRateMax: -1}
00:10:40.818 |S| HLE.OsThread.19 ServiceMm GetOld: Stubbed. {module: NvDec}
00:10:40.818 |S| HLE.OsThread.19 ServiceMm SetAndWaitOld: Stubbed. {module: NvDec ; clockRateMin: 4294966296 ; clockRateMax: -1}
00:10:40.818 |S| HLE.OsThread.19 ServiceMm GetOld: Stubbed. {module: NvDec}
00:10:40.819 |S| HLE.OsThread.19 ServiceMm SetAndWaitOld: Stubbed. {module: NvDec ; clockRateMin: 4294966296 ; clockRateMax: -1}
00:10:40.819 |S| HLE.OsThread.19 ServiceMm GetOld: Stubbed. {module: NvDec}
00:10:40.819 |S| HLE.OsThread.19 ServiceMm SetAndWaitOld: Stubbed. {module: NvDec ; clockRateMin: 4294966296 ; clockRateMax: -1}
00:10:40.819 |S| HLE.OsThread.19 ServiceMm GetOld: Stubbed. {module: NvDec}
00:10:40.827 |S| HLE.OsThread.4 ServiceNv SetNvMapFd: Stubbed. 
00:10:40.828 |S| HLE.OsThread.19 ServiceMm SetAndWaitOld: Stubbed. {module: NvDec ; clockRateMin: 4294966296 ; clockRateMax: -1}
00:10:40.828 |S| HLE.OsThread.19 ServiceMm GetOld: Stubbed. {module: NvDec}
00:10:40.828 |S| HLE.OsThread.4 ServiceNv GetWaitBase: Stubbed. 
00:10:40.838 |S| HLE.OsThread.19 ServiceMm SetAndWaitOld: Stubbed. {module: NvDec ; clockRateMin: 4294966296 ; clockRateMax: -1}
00:10:40.839 |S| HLE.OsThread.19 ServiceMm GetOld: Stubbed. {module: NvDec}
00:10:40.839 |S| HLE.OsThread.19 ServiceMm SetAndWaitOld: Stubbed. {module: NvDec ; clockRateMin: 4294966296 ; clockRateMax: -1}
00:10:40.840 |S| HLE.OsThread.19 ServiceMm GetOld: Stubbed. {module: NvDec}
00:10:40.841 |S| HLE.OsThread.19 ServiceMm SetAndWaitOld: Stubbed. {module: NvDec ; clockRateMin: 4294966296 ; clockRateMax: -1}
00:10:40.843 |S| HLE.OsThread.19 ServiceMm GetOld: Stubbed. {module: NvDec}
00:10:40.843 |S| HLE.OsThread.19 ServiceMm SetAndWaitOld: Stubbed. {module: NvDec ; clockRateMin: 4294966296 ; clockRateMax: -1}
00:10:40.845 |S| HLE.OsThread.19 ServiceMm GetOld: Stubbed. {module: NvDec}
00:10:40.845 |S| HLE.OsThread.19 ServiceMm SetAndWaitOld: Stubbed. {module: NvDec ; clockRateMin: 4294966296 ; clockRateMax: -1}
00:10:40.845 |S| HLE.OsThread.19 ServiceMm GetOld: Stubbed. {module: NvDec}
00:10:40.846 |S| HLE.OsThread.19 ServiceMm SetAndWaitOld: Stubbed. {module: NvDec ; clockRateMin: 4294966296 ; clockRateMax: -1}
00:10:40.847 |S| HLE.OsThread.19 ServiceMm GetOld: Stubbed. {module: NvDec}
00:10:40.848 |S| HLE.OsThread.19 ServiceMm SetAndWaitOld: Stubbed. {module: NvDec ; clockRateMin: 4294966296 ; clockRateMax: -1}
00:10:40.849 |S| HLE.OsThread.19 ServiceMm GetOld: Stubbed. {module: NvDec}
00:10:40.850 |S| HLE.OsThread.19 ServiceMm SetAndWaitOld: Stubbed. {module: NvDec ; clockRateMin: 4294966296 ; clockRateMax: -1}
00:10:40.850 |S| HLE.OsThread.19 ServiceMm GetOld: Stubbed. {module: NvDec}
00:10:40.850 |S| HLE.OsThread.19 ServiceMm SetAndWaitOld: Stubbed. {module: NvDec ; clockRateMin: 4294966296 ; clockRateMax: -1}
00:10:40.850 |S| HLE.OsThread.19 ServiceMm GetOld: Stubbed. {module: NvDec}
00:10:40.850 |S| HLE.OsThread.19 ServiceMm SetAndWaitOld: Stubbed. {module: NvDec ; clockRateMin: 4294966296 ; clockRateMax: -1}
00:10:40.850 |S| HLE.OsThread.19 ServiceMm GetOld: Stubbed. {module: NvDec}
00:10:40.850 |S| HLE.OsThread.19 ServiceMm SetAndWaitOld: Stubbed. {module: NvDec ; clockRateMin: 4294966296 ; clockRateMax: -1}
00:10:40.850 |S| HLE.OsThread.19 ServiceMm GetOld: Stubbed. {module: NvDec}
00:10:40.850 |S| HLE.OsThread.19 ServiceMm SetAndWaitOld: Stubbed. {module: NvDec ; clockRateMin: 4294966296 ; clockRateMax: -1}
00:10:40.850 |S| HLE.OsThread.19 ServiceMm GetOld: Stubbed. {module: NvDec}
00:10:40.850 |S| HLE.OsThread.19 ServiceMm SetAndWaitOld: Stubbed. {module: NvDec ; clockRateMin: 4294966296 ; clockRateMax: -1}
00:10:40.850 |S| HLE.OsThread.19 ServiceMm GetOld: Stubbed. {module: NvDec}
00:10:40.850 |S| HLE.OsThread.19 ServiceMm SetAndWaitOld: Stubbed. {module: NvDec ; clockRateMin: 4294966296 ; clockRateMax: -1}
00:10:40.850 |S| HLE.OsThread.19 ServiceMm GetOld: Stubbed. {module: NvDec}
00:10:40.850 |S| HLE.OsThread.19 ServiceMm SetAndWaitOld: Stubbed. {module: NvDec ; clockRateMin: 4294966296 ; clockRateMax: -1}
00:10:40.851 |S| HLE.OsThread.19 ServiceMm GetOld: Stubbed. {module: NvDec}
00:10:40.900 |S| HLE.OsThread.19 ServiceMm SetAndWaitOld: Stubbed. {module: NvDec ; clockRateMin: 4294966000 ; clockRateMax: -1}
00:10:40.900 |S| HLE.OsThread.19 ServiceMm GetOld: Stubbed. {module: NvDec}
00:10:40.909 |S| HLE.OsThread.19 ServiceMm SetAndWaitOld: Stubbed. {module: NvDec ; clockRateMin: 4294966000 ; clockRateMax: -1}
00:10:40.909 |S| HLE.OsThread.19 ServiceMm GetOld: Stubbed. {module: NvDec}
00:10:40.913 |S| HLE.OsThread.19 ServiceMm SetAndWaitOld: Stubbed. {module: NvDec ; clockRateMin: 3875766000 ; clockRateMax: -1}
00:10:40.913 |S| HLE.OsThread.19 ServiceMm GetOld: Stubbed. {module: NvDec}
00:10:41.440 |S| HLE.OsThread.19 ServiceMm SetAndWaitOld: Stubbed. {module: NvDec ; clockRateMin: 3497366000 ; clockRateMax: -1}
00:10:41.440 |S| HLE.OsThread.19 ServiceMm GetOld: Stubbed. {module: NvDec}
00:10:41.474 |S| HLE.OsThread.19 ServiceMm SetAndWaitOld: Stubbed. {module: NvDec ; clockRateMin: 3156166000 ; clockRateMax: -1}
00:10:41.474 |S| HLE.OsThread.19 ServiceMm GetOld: Stubbed. {module: NvDec}
00:10:41.488 |S| HLE.OsThread.19 ServiceMm SetAndWaitOld: Stubbed. {module: NvDec ; clockRateMin: 2848166000 ; clockRateMax: -1}
00:10:41.488 |S| HLE.OsThread.19 ServiceMm GetOld: Stubbed. {module: NvDec}
00:10:41.489 |S| HLE.OsThread.19 ServiceMm SetAndWaitOld: Stubbed. {module: NvDec ; clockRateMin: 2570166000 ; clockRateMax: -1}
00:10:41.489 |S| HLE.OsThread.19 ServiceMm GetOld: Stubbed. {module: NvDec}
00:10:41.524 |S| HLE.OsThread.19 ServiceMm SetAndWaitOld: Stubbed. {module: NvDec ; clockRateMin: 2319366000 ; clockRateMax: -1}
00:10:41.526 |S| HLE.OsThread.19 ServiceMm GetOld: Stubbed. {module: NvDec}
00:10:41.538 |S| HLE.OsThread.19 ServiceMm SetAndWaitOld: Stubbed. {module: NvDec ; clockRateMin: 2092966000 ; clockRateMax: -1}
00:10:41.539 |S| HLE.OsThread.19 ServiceMm GetOld: Stubbed. {module: NvDec}
00:10:41.542 |S| HLE.OsThread.19 ServiceMm SetAndWaitOld: Stubbed. {module: NvDec ; clockRateMin: 1888966000 ; clockRateMax: -1}
00:10:41.543 |S| HLE.OsThread.19 ServiceMm GetOld: Stubbed. {module: NvDec}
00:10:41.546 |S| HLE.OsThread.19 ServiceMm SetAndWaitOld: Stubbed. {module: NvDec ; clockRateMin: 1704566000 ; clockRateMax: -1}
00:10:41.546 |S| HLE.OsThread.19 ServiceMm GetOld: Stubbed. {module: NvDec}
00:10:41.572 |S| HLE.OsThread.19 ServiceMm SetAndWaitOld: Stubbed. {module: NvDec ; clockRateMin: 1538166000 ; clockRateMax: -1}
00:10:41.573 |S| HLE.OsThread.19 ServiceMm GetOld: Stubbed. {module: NvDec}
00:10:41.573 |S| HLE.OsThread.19 ServiceMm SetAndWaitOld: Stubbed. {module: NvDec ; clockRateMin: 1388166000 ; clockRateMax: -1}
00:10:41.573 |S| HLE.OsThread.19 ServiceMm GetOld: Stubbed. {module: NvDec}
00:10:41.589 |S| HLE.OsThread.19 ServiceMm SetAndWaitOld: Stubbed. {module: NvDec ; clockRateMin: 1252966000 ; clockRateMax: -1}
00:10:41.589 |S| HLE.OsThread.19 ServiceMm GetOld: Stubbed. {module: NvDec}
00:10:41.622 |S| HLE.OsThread.19 ServiceMm SetAndWaitOld: Stubbed. {module: NvDec ; clockRateMin: 1130966000 ; clockRateMax: -1}
00:10:41.622 |S| HLE.OsThread.19 ServiceMm GetOld: Stubbed. {module: NvDec}
00:10:41.623 |S| HLE.OsThread.19 ServiceMm SetAndWaitOld: Stubbed. {module: NvDec ; clockRateMin: 1020566000 ; clockRateMax: -1}
00:10:41.623 |S| HLE.OsThread.19 ServiceMm GetOld: Stubbed. {module: NvDec}
00:10:41.640 |S| HLE.OsThread.19 ServiceMm SetAndWaitOld: Stubbed. {module: NvDec ; clockRateMin: 920966000 ; clockRateMax: -1}
00:10:41.640 |S| HLE.OsThread.19 ServiceMm GetOld: Stubbed. {module: NvDec}
00:10:41.676 |S| HLE.OsThread.19 ServiceMm SetAndWaitOld: Stubbed. {module: NvDec ; clockRateMin: 831366000 ; clockRateMax: -1}
00:10:41.676 |S| HLE.OsThread.19 ServiceMm GetOld: Stubbed. {module: NvDec}
00:10:41.690 |S| HLE.OsThread.19 ServiceMm SetAndWaitOld: Stubbed. {module: NvDec ; clockRateMin: 750566000 ; clockRateMax: -1}
00:10:41.690 |S| HLE.OsThread.19 ServiceMm GetOld: Stubbed. {module: NvDec}
00:10:41.691 |S| HLE.OsThread.19 ServiceMm SetAndWaitOld: Stubbed. {module: NvDec ; clockRateMin: 677366000 ; clockRateMax: -1}
00:10:41.691 |S| HLE.OsThread.19 ServiceMm GetOld: Stubbed. {module: NvDec}
00:10:41.722 |S| HLE.OsThread.19 ServiceMm SetAndWaitOld: Stubbed. {module: NvDec ; clockRateMin: 611366000 ; clockRateMax: -1}
00:10:41.722 |S| HLE.OsThread.19 ServiceMm GetOld: Stubbed. {module: NvDec}
00:10:41.740 |S| HLE.OsThread.19 ServiceMm SetAndWaitOld: Stubbed. {module: NvDec ; clockRateMin: 551766000 ; clockRateMax: -1}
00:10:41.740 |S| HLE.OsThread.19 ServiceMm GetOld: Stubbed. {module: NvDec}
00:10:41.740 |S| HLE.OsThread.19 ServiceMm SetAndWaitOld: Stubbed. {module: NvDec ; clockRateMin: 498166000 ; clockRateMax: -1}
00:10:41.741 |S| HLE.OsThread.19 ServiceMm GetOld: Stubbed. {module: NvDec}
00:10:41.756 |S| HLE.OsThread.19 ServiceMm SetAndWaitOld: Stubbed. {module: NvDec ; clockRateMin: 449766000 ; clockRateMax: -1}
00:10:41.761 |S| HLE.OsThread.19 ServiceMm GetOld: Stubbed. {module: NvDec}
00:10:41.789 |S| HLE.OsThread.19 ServiceMm SetAndWaitOld: Stubbed. {module: NvDec ; clockRateMin: 406166000 ; clockRateMax: -1}
00:10:41.789 |S| HLE.OsThread.19 ServiceMm GetOld: Stubbed. {module: NvDec}
00:10:41.790 |S| HLE.OsThread.19 ServiceMm SetAndWaitOld: Stubbed. {module: NvDec ; clockRateMin: 366566000 ; clockRateMax: -1}
00:10:41.790 |S| HLE.OsThread.19 ServiceMm GetOld: Stubbed. {module: NvDec}
00:10:41.807 |S| HLE.OsThread.19 ServiceMm SetAndWaitOld: Stubbed. {module: NvDec ; clockRateMin: 330966000 ; clockRateMax: -1}
00:10:41.807 |S| HLE.OsThread.19 ServiceMm GetOld: Stubbed. {module: NvDec}
00:10:41.839 |S| HLE.OsThread.19 ServiceMm SetAndWaitOld: Stubbed. {module: NvDec ; clockRateMin: 298966000 ; clockRateMax: -1}
00:10:41.839 |S| HLE.OsThread.19 ServiceMm GetOld: Stubbed. {module: NvDec}
00:10:41.840 |S| HLE.OsThread.19 ServiceMm SetAndWaitOld: Stubbed. {module: NvDec ; clockRateMin: 270166000 ; clockRateMax: -1}
00:10:41.840 |S| HLE.OsThread.19 ServiceMm GetOld: Stubbed. {module: NvDec}
00:10:41.855 |S| HLE.OsThread.19 ServiceMm SetAndWaitOld: Stubbed. {module: NvDec ; clockRateMin: 244166000 ; clockRateMax: -1}
00:10:41.855 |S| HLE.OsThread.19 ServiceMm GetOld: Stubbed. {module: NvDec}
00:10:41.856 |S| HLE.OsThread.19 ServiceMm SetAndWaitOld: Stubbed. {module: NvDec ; clockRateMin: 220566000 ; clockRateMax: -1}
00:10:41.856 |S| HLE.OsThread.19 ServiceMm GetOld: Stubbed. {module: NvDec}
00:10:41.889 |S| HLE.OsThread.19 ServiceMm SetAndWaitOld: Stubbed. {module: NvDec ; clockRateMin: 200000000 ; clockRateMax: -1}
00:10:41.889 |S| HLE.OsThread.19 ServiceMm GetOld: Stubbed. {module: NvDec}
00:10:41.890 |S| HLE.OsThread.19 ServiceMm SetAndWaitOld: Stubbed. {module: NvDec ; clockRateMin: 200000000 ; clockRateMax: -1}
00:10:41.890 |S| HLE.OsThread.19 ServiceMm GetOld: Stubbed. {module: NvDec}
00:10:41.910 |S| HLE.OsThread.19 ServiceMm SetAndWaitOld: Stubbed. {module: NvDec ; clockRateMin: 200000000 ; clockRateMax: -1}
00:10:41.910 |S| HLE.OsThread.19 ServiceMm GetOld: Stubbed. {module: NvDec}
00:10:41.910 |S| HLE.OsThread.19 ServiceMm SetAndWaitOld: Stubbed. {module: NvDec ; clockRateMin: 200000000 ; clockRateMax: -1}
00:10:41.911 |S| HLE.OsThread.19 ServiceMm GetOld: Stubbed. {module: NvDec}
00:10:41.960 |S| HLE.OsThread.19 ServiceMm SetAndWaitOld: Stubbed. {module: NvDec ; clockRateMin: 200000000 ; clockRateMax: -1}
00:10:41.961 |S| HLE.OsThread.19 ServiceMm GetOld: Stubbed. {module: NvDec}
00:10:41.963 |S| HLE.OsThread.19 ServiceMm SetAndWaitOld: Stubbed. {module: NvDec ; clockRateMin: 200000000 ; clockRateMax: -1}
00:10:41.966 |S| HLE.OsThread.19 ServiceMm GetOld: Stubbed. {module: NvDec}
00:10:41.973 |I| .NET TP Worker Ptc Save: Saved Profiling Info (size: 182768 bytes, profiled functions: 60665).
00:10:41.986 |S| HLE.OsThread.19 ServiceMm SetAndWaitOld: Stubbed. {module: NvDec ; clockRateMin: 252800000 ; clockRateMax: -1}
00:10:41.987 |S| HLE.OsThread.19 ServiceMm GetOld: Stubbed. {module: NvDec}
00:10:41.992 |S| HLE.OsThread.19 ServiceMm SetAndWaitOld: Stubbed. {module: NvDec ; clockRateMin: 228400000 ; clockRateMax: -1}
00:10:41.994 |S| HLE.OsThread.19 ServiceMm GetOld: Stubbed. {module: NvDec}
00:10:42.001 |S| HLE.OsThread.19 ServiceMm SetAndWaitOld: Stubbed. {module: NvDec ; clockRateMin: 206400000 ; clockRateMax: -1}
00:10:42.001 |S| HLE.OsThread.19 ServiceMm GetOld: Stubbed. {module: NvDec}
00:10:42.003 |S| HLE.OsThread.19 ServiceMm SetAndWaitOld: Stubbed. {module: NvDec ; clockRateMin: 261400000 ; clockRateMax: -1}
00:10:42.003 |S| HLE.OsThread.19 ServiceMm GetOld: Stubbed. {module: NvDec}
00:10:42.017 |S| HLE.OsThread.19 ServiceMm SetAndWaitOld: Stubbed. {module: NvDec ; clockRateMin: 261400000 ; clockRateMax: -1}
00:10:42.017 |S| HLE.OsThread.19 ServiceMm GetOld: Stubbed. {module: NvDec}
00:10:42.026 |S| HLE.OsThread.19 ServiceMm SetAndWaitOld: Stubbed. {module: NvDec ; clockRateMin: 261400000 ; clockRateMax: -1}
00:10:42.029 |S| HLE.OsThread.19 ServiceMm GetOld: Stubbed. {module: NvDec}
00:10:42.047 |S| HLE.OsThread.19 ServiceMm SetAndWaitOld: Stubbed. {module: NvDec ; clockRateMin: 261400000 ; clockRateMax: -1}
00:10:42.048 |S| HLE.OsThread.19 ServiceMm GetOld: Stubbed. {module: NvDec}
00:10:42.053 |S| HLE.OsThread.19 ServiceMm SetAndWaitOld: Stubbed. {module: NvDec ; clockRateMin: 261400000 ; clockRateMax: -1}
00:10:42.053 |S| HLE.OsThread.19 ServiceMm GetOld: Stubbed. {module: NvDec}
00:10:42.059 |S| HLE.OsThread.19 ServiceMm SetAndWaitOld: Stubbed. {module: NvDec ; clockRateMin: 236200000 ; clockRateMax: -1}
00:10:42.059 |S| HLE.OsThread.19 ServiceMm GetOld: Stubbed. {module: NvDec}
00:10:42.060 |S| HLE.OsThread.19 ServiceMm SetAndWaitOld: Stubbed. {module: NvDec ; clockRateMin: 213400000 ; clockRateMax: -1}
00:10:42.060 |S| HLE.OsThread.19 ServiceMm GetOld: Stubbed. {module: NvDec}
00:10:42.067 |S| HLE.OsThread.19 ServiceMm SetAndWaitOld: Stubbed. {module: NvDec ; clockRateMin: 200000000 ; clockRateMax: -1}
00:10:42.067 |S| HLE.OsThread.19 ServiceMm GetOld: Stubbed. {module: NvDec}
00:10:42.077 |S| HLE.OsThread.19 ServiceMm SetAndWaitOld: Stubbed. {module: NvDec ; clockRateMin: 252800000 ; clockRateMax: -1}
00:10:42.077 |S| HLE.OsThread.19 ServiceMm GetOld: Stubbed. {module: NvDec}
00:10:42.079 |S| HLE.OsThread.19 ServiceMm SetAndWaitOld: Stubbed. {module: NvDec ; clockRateMin: 252800000 ; clockRateMax: -1}
00:10:42.080 |S| HLE.OsThread.19 ServiceMm GetOld: Stubbed. {module: NvDec}
00:10:42.097 |S| HLE.OsThread.19 ServiceMm SetAndWaitOld: Stubbed. {module: NvDec ; clockRateMin: 228400000 ; clockRateMax: -1}
00:10:42.097 |S| HLE.OsThread.19 ServiceMm GetOld: Stubbed. {module: NvDec}
00:10:42.099 |S| HLE.OsThread.19 ServiceMm SetAndWaitOld: Stubbed. {module: NvDec ; clockRateMin: 206400000 ; clockRateMax: -1}
00:10:42.099 |S| HLE.OsThread.19 ServiceMm GetOld: Stubbed. {module: NvDec}
00:10:42.109 |S| HLE.OsThread.19 ServiceMm SetAndWaitOld: Stubbed. {module: NvDec ; clockRateMin: 200000000 ; clockRateMax: -1}
00:10:42.110 |S| HLE.OsThread.19 ServiceMm GetOld: Stubbed. {module: NvDec}
00:10:42.116 |S| HLE.OsThread.19 ServiceMm SetAndWaitOld: Stubbed. {module: NvDec ; clockRateMin: 252800000 ; clockRateMax: -1}
00:10:42.117 |S| HLE.OsThread.19 ServiceMm GetOld: Stubbed. {module: NvDec}
00:10:42.122 |S| HLE.OsThread.19 ServiceMm SetAndWaitOld: Stubbed. {module: NvDec ; clockRateMin: 228400000 ; clockRateMax: -1}
00:10:42.124 |S| HLE.OsThread.19 ServiceMm GetOld: Stubbed. {module: NvDec}
00:10:42.134 |S| HLE.OsThread.19 ServiceMm SetAndWaitOld: Stubbed. {module: NvDec ; clockRateMin: 206400000 ; clockRateMax: -1}
00:10:42.135 |S| HLE.OsThread.19 ServiceMm GetOld: Stubbed. {module: NvDec}
00:10:42.147 |S| HLE.OsThread.19 ServiceMm SetAndWaitOld: Stubbed. {module: NvDec ; clockRateMin: 200000000 ; clockRateMax: -1}
00:10:42.147 |S| HLE.OsThread.19 ServiceMm GetOld: Stubbed. {module: NvDec}
00:10:42.175 |S| HLE.OsThread.19 ServiceMm SetAndWaitOld: Stubbed. {module: NvDec ; clockRateMin: 252800000 ; clockRateMax: -1}
00:10:42.176 |S| HLE.OsThread.19 ServiceMm GetOld: Stubbed. {module: NvDec}
00:10:42.177 |S| HLE.OsThread.19 ServiceMm SetAndWaitOld: Stubbed. {module: NvDec ; clockRateMin: 252800000 ; clockRateMax: -1}
00:10:42.177 |S| HLE.OsThread.19 ServiceMm GetOld: Stubbed. {module: NvDec}
00:10:42.179 |S| HLE.OsThread.19 ServiceMm SetAndWaitOld: Stubbed. {module: NvDec ; clockRateMin: 228400000 ; clockRateMax: -1}
00:10:42.179 |S| HLE.OsThread.19 ServiceMm GetOld: Stubbed. {module: NvDec}
00:10:42.191 |S| HLE.OsThread.19 ServiceMm SetAndWaitOld: Stubbed. {module: NvDec ; clockRateMin: 288900000 ; clockRateMax: -1}
00:10:42.192 |S| HLE.OsThread.19 ServiceMm GetOld: Stubbed. {module: NvDec}
00:10:42.193 |S| HLE.OsThread.19 ServiceMm SetAndWaitOld: Stubbed. {module: NvDec ; clockRateMin: 288900000 ; clockRateMax: -1}
00:10:42.193 |S| HLE.OsThread.19 ServiceMm GetOld: Stubbed. {module: NvDec}
00:10:42.210 |S| HLE.OsThread.19 ServiceMm SetAndWaitOld: Stubbed. {module: NvDec ; clockRateMin: 260900000 ; clockRateMax: -1}
00:10:42.210 |S| HLE.OsThread.19 ServiceMm GetOld: Stubbed. {module: NvDec}
00:10:42.211 |S| HLE.OsThread.19 ServiceMm SetAndWaitOld: Stubbed. {module: NvDec ; clockRateMin: 235700000 ; clockRateMax: -1}
00:10:42.212 |S| HLE.OsThread.19 ServiceMm GetOld: Stubbed. {module: NvDec}
00:10:42.215 |S| HLE.OsThread.19 ServiceMm SetAndWaitOld: Stubbed. {module: NvDec ; clockRateMin: 212900000 ; clockRateMax: -1}
00:10:42.216 |S| HLE.OsThread.19 ServiceMm GetOld: Stubbed. {module: NvDec}
00:10:42.218 |S| HLE.OsThread.19 ServiceMm SetAndWaitOld: Stubbed. {module: NvDec ; clockRateMin: 269000000 ; clockRateMax: -1}
00:10:42.218 |S| HLE.OsThread.19 ServiceMm GetOld: Stubbed. {module: NvDec}
00:10:42.232 |S| HLE.OsThread.19 ServiceMm SetAndWaitOld: Stubbed. {module: NvDec ; clockRateMin: 269000000 ; clockRateMax: -1}
00:10:42.233 |S| HLE.OsThread.19 ServiceMm GetOld: Stubbed. {module: NvDec}
00:10:42.236 |S| HLE.OsThread.19 ServiceMm SetAndWaitOld: Stubbed. {module: NvDec ; clockRateMin: 243000000 ; clockRateMax: -1}
00:10:42.237 |S| HLE.OsThread.19 ServiceMm GetOld: Stubbed. {module: NvDec}
00:10:42.239 |S| HLE.OsThread.19 ServiceMm SetAndWaitOld: Stubbed. {module: NvDec ; clockRateMin: 219400000 ; clockRateMax: -1}
00:10:42.239 |S| HLE.OsThread.19 ServiceMm GetOld: Stubbed. {module: NvDec}
00:10:42.249 |S| HLE.OsThread.19 ServiceMm SetAndWaitOld: Stubbed. {module: NvDec ; clockRateMin: 200000000 ; clockRateMax: -1}
00:10:42.249 |S| HLE.OsThread.19 ServiceMm GetOld: Stubbed. {module: NvDec}
00:10:42.253 |S| HLE.OsThread.19 ServiceMm SetAndWaitOld: Stubbed. {module: NvDec ; clockRateMin: 200000000 ; clockRateMax: -1}
00:10:42.253 |S| HLE.OsThread.19 ServiceMm GetOld: Stubbed. {module: NvDec}
00:10:42.257 |S| HLE.OsThread.19 ServiceMm SetAndWaitOld: Stubbed. {module: NvDec ; clockRateMin: 200000000 ; clockRateMax: -1}
00:10:42.259 |S| HLE.OsThread.19 ServiceMm GetOld: Stubbed. {module: NvDec}
00:10:42.268 |S| HLE.OsThread.19 ServiceMm SetAndWaitOld: Stubbed. {module: NvDec ; clockRateMin: 200000000 ; clockRateMax: -1}
00:10:42.268 |S| HLE.OsThread.19 ServiceMm GetOld: Stubbed. {module: NvDec}
00:10:42.273 |S| HLE.OsThread.19 ServiceMm SetAndWaitOld: Stubbed. {module: NvDec ; clockRateMin: 200000000 ; clockRateMax: -1}
00:10:42.273 |S| HLE.OsThread.19 ServiceMm GetOld: Stubbed. {module: NvDec}
00:10:42.285 |S| HLE.OsThread.19 ServiceMm SetAndWaitOld: Stubbed. {module: NvDec ; clockRateMin: 200000000 ; clockRateMax: -1}
00:10:42.285 |S| HLE.OsThread.19 ServiceMm GetOld: Stubbed. {module: NvDec}
00:10:42.293 |S| HLE.OsThread.19 ServiceMm SetAndWaitOld: Stubbed. {module: NvDec ; clockRateMin: 252800000 ; clockRateMax: -1}
00:10:42.293 |S| HLE.OsThread.19 ServiceMm GetOld: Stubbed. {module: NvDec}
00:10:42.301 |S| HLE.OsThread.19 ServiceMm SetAndWaitOld: Stubbed. {module: NvDec ; clockRateMin: 228400000 ; clockRateMax: -1}
00:10:42.302 |S| HLE.OsThread.19 ServiceMm GetOld: Stubbed. {module: NvDec}
00:10:42.313 |S| HLE.OsThread.19 ServiceMm SetAndWaitOld: Stubbed. {module: NvDec ; clockRateMin: 206400000 ; clockRateMax: -1}
00:10:42.313 |S| HLE.OsThread.19 ServiceMm GetOld: Stubbed. {module: NvDec}
00:10:42.339 |S| HLE.OsThread.19 ServiceMm SetAndWaitOld: Stubbed. {module: NvDec ; clockRateMin: 200000000 ; clockRateMax: -1}
00:10:42.340 |S| HLE.OsThread.19 ServiceMm GetOld: Stubbed. {module: NvDec}
00:10:42.357 |S| HLE.OsThread.19 ServiceMm SetAndWaitOld: Stubbed. {module: NvDec ; clockRateMin: 200000000 ; clockRateMax: -1}
00:10:42.357 |S| HLE.OsThread.19 ServiceMm GetOld: Stubbed. {module: NvDec}
00:10:42.363 |S| HLE.OsThread.19 ServiceMm SetAndWaitOld: Stubbed. {module: NvDec ; clockRateMin: 200000000 ; clockRateMax: -1}
00:10:42.363 |S| HLE.OsThread.19 ServiceMm GetOld: Stubbed. {module: NvDec}
00:10:42.392 |S| HLE.OsThread.19 ServiceMm SetAndWaitOld: Stubbed. {module: NvDec ; clockRateMin: 200000000 ; clockRateMax: -1}
00:10:42.392 |S| HLE.OsThread.19 ServiceMm GetOld: Stubbed. {module: NvDec}
00:10:42.409 |S| HLE.OsThread.19 ServiceMm SetAndWaitOld: Stubbed. {module: NvDec ; clockRateMin: 200000000 ; clockRateMax: -1}
00:10:42.409 |S| HLE.OsThread.19 ServiceMm GetOld: Stubbed. {module: NvDec}
00:10:42.424 |S| HLE.OsThread.19 ServiceMm SetAndWaitOld: Stubbed. {module: NvDec ; clockRateMin: 200000000 ; clockRateMax: -1}
00:10:42.424 |S| HLE.OsThread.19 ServiceMm GetOld: Stubbed. {module: NvDec}
00:10:42.425 |S| HLE.OsThread.19 ServiceMm SetAndWaitOld: Stubbed. {module: NvDec ; clockRateMin: 200000000 ; clockRateMax: -1}
00:10:42.425 |S| HLE.OsThread.19 ServiceMm GetOld: Stubbed. {module: NvDec}
00:10:42.457 |S| HLE.OsThread.19 ServiceMm SetAndWaitOld: Stubbed. {module: NvDec ; clockRateMin: 200000000 ; clockRateMax: -1}
00:10:42.457 |S| HLE.OsThread.19 ServiceMm GetOld: Stubbed. {module: NvDec}
00:10:42.478 |S| HLE.OsThread.19 ServiceMm SetAndWaitOld: Stubbed. {module: NvDec ; clockRateMin: 200000000 ; clockRateMax: -1}
00:10:42.478 |S| HLE.OsThread.19 ServiceMm GetOld: Stubbed. {module: NvDec}
00:10:42.491 |S| HLE.OsThread.19 ServiceMm SetAndWaitOld: Stubbed. {module: NvDec ; clockRateMin: 200000000 ; clockRateMax: -1}
00:10:42.491 |S| HLE.OsThread.19 ServiceMm GetOld: Stubbed. {module: NvDec}
00:10:42.492 |S| HLE.OsThread.19 ServiceMm SetAndWaitOld: Stubbed. {module: NvDec ; clockRateMin: 200000000 ; clockRateMax: -1}
00:10:42.492 |S| HLE.OsThread.19 ServiceMm GetOld: Stubbed. {module: NvDec}
00:10:42.528 |S| HLE.OsThread.19 ServiceMm SetAndWaitOld: Stubbed. {module: NvDec ; clockRateMin: 200000000 ; clockRateMax: -1}
00:10:42.528 |S| HLE.OsThread.19 ServiceMm GetOld: Stubbed. {module: NvDec}
00:10:42.542 |S| HLE.OsThread.19 ServiceMm SetAndWaitOld: Stubbed. {module: NvDec ; clockRateMin: 200000000 ; clockRateMax: -1}
00:10:42.542 |S| HLE.OsThread.19 ServiceMm GetOld: Stubbed. {module: NvDec}
00:10:42.557 |S| HLE.OsThread.19 ServiceMm SetAndWaitOld: Stubbed. {module: NvDec ; clockRateMin: 200000000 ; clockRateMax: -1}
00:10:42.557 |S| HLE.OsThread.19 ServiceMm GetOld: Stubbed. {module: NvDec}
00:10:42.558 |S| HLE.OsThread.19 ServiceMm SetAndWaitOld: Stubbed. {module: NvDec ; clockRateMin: 200000000 ; clockRateMax: -1}
00:10:42.558 |S| HLE.OsThread.19 ServiceMm GetOld: Stubbed. {module: NvDec}
00:10:42.589 |S| HLE.OsThread.19 ServiceMm SetAndWaitOld: Stubbed. {module: NvDec ; clockRateMin: 200000000 ; clockRateMax: -1}
00:10:42.590 |S| HLE.OsThread.19 ServiceMm GetOld: Stubbed. {module: NvDec}
00:10:42.607 |S| HLE.OsThread.19 ServiceMm SetAndWaitOld: Stubbed. {module: NvDec ; clockRateMin: 200000000 ; clockRateMax: -1}
00:10:42.607 |S| HLE.OsThread.19 ServiceMm GetOld: Stubbed. {module: NvDec}
00:10:42.623 |S| HLE.OsThread.19 ServiceMm SetAndWaitOld: Stubbed. {module: NvDec ; clockRateMin: 200000000 ; clockRateMax: -1}
00:10:42.623 |S| HLE.OsThread.19 ServiceMm GetOld: Stubbed. {module: NvDec}
00:10:42.624 |S| HLE.OsThread.19 ServiceMm SetAndWaitOld: Stubbed. {module: NvDec ; clockRateMin: 200000000 ; clockRateMax: -1}
00:10:42.624 |S| HLE.OsThread.19 ServiceMm GetOld: Stubbed. {module: NvDec}
00:10:42.655 |S| HLE.OsThread.19 ServiceMm SetAndWaitOld: Stubbed. {module: NvDec ; clockRateMin: 200000000 ; clockRateMax: -1}
00:10:42.655 |S| HLE.OsThread.19 ServiceMm GetOld: Stubbed. {module: NvDec}
00:10:42.673 |S| HLE.OsThread.19 ServiceMm SetAndWaitOld: Stubbed. {module: NvDec ; clockRateMin: 200000000 ; clockRateMax: -1}
00:10:42.673 |S| HLE.OsThread.19 ServiceMm GetOld: Stubbed. {module: NvDec}
00:10:42.693 |S| HLE.OsThread.19 ServiceMm SetAndWaitOld: Stubbed. {module: NvDec ; clockRateMin: 200000000 ; clockRateMax: -1}
00:10:42.693 |S| HLE.OsThread.19 ServiceMm GetOld: Stubbed. {module: NvDec}
00:10:42.694 |S| HLE.OsThread.19 ServiceMm SetAndWaitOld: Stubbed. {module: NvDec ; clockRateMin: 200000000 ; clockRateMax: -1}
00:10:42.694 |S| HLE.OsThread.19 ServiceMm GetOld: Stubbed. {module: NvDec}
00:10:42.722 |S| HLE.OsThread.19 ServiceMm SetAndWaitOld: Stubbed. {module: NvDec ; clockRateMin: 200000000 ; clockRateMax: -1}
00:10:42.723 |S| HLE.OsThread.19 ServiceMm GetOld: Stubbed. {module: NvDec}
00:10:42.742 |S| HLE.OsThread.19 ServiceMm SetAndWaitOld: Stubbed. {module: NvDec ; clockRateMin: 200000000 ; clockRateMax: -1}
00:10:42.742 |S| HLE.OsThread.19 ServiceMm GetOld: Stubbed. {module: NvDec}
00:10:42.757 |S| HLE.OsThread.19 ServiceMm SetAndWaitOld: Stubbed. {module: NvDec ; clockRateMin: 200000000 ; clockRateMax: -1}
00:10:42.757 |S| HLE.OsThread.19 ServiceMm GetOld: Stubbed. {module: NvDec}
00:10:42.757 |S| HLE.OsThread.19 ServiceMm SetAndWaitOld: Stubbed. {module: NvDec ; clockRateMin: 200000000 ; clockRateMax: -1}
00:10:42.757 |S| HLE.OsThread.19 ServiceMm GetOld: Stubbed. {module: NvDec}
00:10:42.788 |S| HLE.OsThread.19 ServiceMm SetAndWaitOld: Stubbed. {module: NvDec ; clockRateMin: 200000000 ; clockRateMax: -1}
00:10:42.788 |S| HLE.OsThread.19 ServiceMm GetOld: Stubbed. {module: NvDec}
00:10:42.807 |S| HLE.OsThread.19 ServiceMm SetAndWaitOld: Stubbed. {module: NvDec ; clockRateMin: 200000000 ; clockRateMax: -1}
00:10:42.807 |S| HLE.OsThread.19 ServiceMm GetOld: Stubbed. {module: NvDec}
00:10:42.822 |S| HLE.OsThread.19 ServiceMm SetAndWaitOld: Stubbed. {module: NvDec ; clockRateMin: 200000000 ; clockRateMax: -1}
00:10:42.823 |S| HLE.OsThread.19 ServiceMm GetOld: Stubbed. {module: NvDec}
00:10:42.823 |S| HLE.OsThread.19 ServiceMm SetAndWaitOld: Stubbed. {module: NvDec ; clockRateMin: 200000000 ; clockRateMax: -1}
00:10:42.823 |S| HLE.OsThread.19 ServiceMm GetOld: Stubbed. {module: NvDec}
00:10:42.856 |S| HLE.OsThread.19 ServiceMm SetAndWaitOld: Stubbed. {module: NvDec ; clockRateMin: 200000000 ; clockRateMax: -1}
00:10:42.856 |S| HLE.OsThread.19 ServiceMm GetOld: Stubbed. {module: NvDec}
00:10:42.883 |S| HLE.OsThread.19 ServiceMm SetAndWaitOld: Stubbed. {module: NvDec ; clockRateMin: 200000000 ; clockRateMax: -1}
00:10:42.883 |S| HLE.OsThread.19 ServiceMm GetOld: Stubbed. {module: NvDec}
00:10:42.886 |I| HLE.OsThread.22 ServicePrepo ProcessPlayReport: 
PlayReport log:
 Kind: Normal
 Pid: 127
 ApplicationVersion: 0
 UserId: 00000000000000010000000000000000
 Room: ui 
 Report: {
    "SequenceTime": 20260508112703,
    "SequenceNumber": 2,
    "To": "VS",
    "From": "Single"
}

00:10:42.893 |S| HLE.OsThread.19 ServiceMm SetAndWaitOld: Stubbed. {module: NvDec ; clockRateMin: 200000000 ; clockRateMax: -1}
00:10:42.893 |S| HLE.OsThread.19 ServiceMm GetOld: Stubbed. {module: NvDec}
00:10:42.894 |S| HLE.OsThread.19 ServiceMm SetAndWaitOld: Stubbed. {module: NvDec ; clockRateMin: 200000000 ; clockRateMax: -1}
00:10:42.895 |S| HLE.OsThread.19 ServiceMm GetOld: Stubbed. {module: NvDec}
00:10:42.922 |S| HLE.OsThread.19 ServiceMm SetAndWaitOld: Stubbed. {module: NvDec ; clockRateMin: 200000000 ; clockRateMax: -1}
00:10:42.922 |S| HLE.OsThread.19 ServiceMm GetOld: Stubbed. {module: NvDec}
00:10:42.940 |S| HLE.OsThread.19 ServiceMm SetAndWaitOld: Stubbed. {module: NvDec ; clockRateMin: 200000000 ; clockRateMax: -1}
00:10:42.940 |S| HLE.OsThread.19 ServiceMm GetOld: Stubbed. {module: NvDec}
00:10:42.955 |S| HLE.OsThread.19 ServiceMm SetAndWaitOld: Stubbed. {module: NvDec ; clockRateMin: 200000000 ; clockRateMax: -1}
00:10:42.955 |S| HLE.OsThread.19 ServiceMm GetOld: Stubbed. {module: NvDec}
00:10:42.956 |S| HLE.OsThread.19 ServiceMm SetAndWaitOld: Stubbed. {module: NvDec ; clockRateMin: 200000000 ; clockRateMax: -1}
00:10:42.956 |S| HLE.OsThread.19 ServiceMm GetOld: Stubbed. {module: NvDec}
00:10:42.990 |S| HLE.OsThread.19 ServiceMm SetAndWaitOld: Stubbed. {module: NvDec ; clockRateMin: 200000000 ; clockRateMax: -1}
00:10:42.990 |S| HLE.OsThread.19 ServiceMm GetOld: Stubbed. {module: NvDec}
00:10:43.016 |S| HLE.OsThread.19 ServiceMm SetAndWaitOld: Stubbed. {module: NvDec ; clockRateMin: 200000000 ; clockRateMax: -1}
00:10:43.017 |S| HLE.OsThread.19 ServiceMm GetOld: Stubbed. {module: NvDec}
00:10:43.024 |S| HLE.OsThread.19 ServiceMm SetAndWaitOld: Stubbed. {module: NvDec ; clockRateMin: 200000000 ; clockRateMax: -1}
00:10:43.024 |S| HLE.OsThread.19 ServiceMm GetOld: Stubbed. {module: NvDec}
00:10:43.024 |S| HLE.OsThread.19 ServiceMm SetAndWaitOld: Stubbed. {module: NvDec ; clockRateMin: 200000000 ; clockRateMax: -1}
00:10:43.025 |S| HLE.OsThread.19 ServiceMm GetOld: Stubbed. {module: NvDec}
00:10:43.060 |S| HLE.OsThread.19 ServiceMm SetAndWaitOld: Stubbed. {module: NvDec ; clockRateMin: 200000000 ; clockRateMax: -1}
00:10:43.060 |S| HLE.OsThread.19 ServiceMm GetOld: Stubbed. {module: NvDec}
00:10:43.076 |S| HLE.OsThread.19 ServiceMm SetAndWaitOld: Stubbed. {module: NvDec ; clockRateMin: 200000000 ; clockRateMax: -1}
00:10:43.076 |S| HLE.OsThread.19 ServiceMm GetOld: Stubbed. {module: NvDec}
00:10:43.077 |S| HLE.OsThread.19 ServiceMm SetAndWaitOld: Stubbed. {module: NvDec ; clockRateMin: 200000000 ; clockRateMax: -1}
00:10:43.077 |S| HLE.OsThread.19 ServiceMm GetOld: Stubbed. {module: NvDec}
00:10:43.091 |S| HLE.OsThread.19 ServiceMm SetAndWaitOld: Stubbed. {module: NvDec ; clockRateMin: 200000000 ; clockRateMax: -1}
00:10:43.091 |S| HLE.OsThread.19 ServiceMm GetOld: Stubbed. {module: NvDec}
00:10:43.091 |S| HLE.OsThread.19 ServiceMm SetAndWaitOld: Stubbed. {module: NvDec ; clockRateMin: 200000000 ; clockRateMax: -1}
00:10:43.092 |S| HLE.OsThread.19 ServiceMm GetOld: Stubbed. {module: NvDec}
00:10:43.122 |S| HLE.OsThread.19 ServiceMm SetAndWaitOld: Stubbed. {module: NvDec ; clockRateMin: 200000000 ; clockRateMax: -1}
00:10:43.122 |S| HLE.OsThread.19 ServiceMm GetOld: Stubbed. {module: NvDec}
00:10:43.123 |S| HLE.OsThread.19 ServiceMm SetAndWaitOld: Stubbed. {module: NvDec ; clockRateMin: 200000000 ; clockRateMax: -1}
00:10:43.123 |S| HLE.OsThread.19 ServiceMm GetOld: Stubbed. {module: NvDec}
00:10:43.141 |S| HLE.OsThread.19 ServiceMm SetAndWaitOld: Stubbed. {module: NvDec ; clockRateMin: 200000000 ; clockRateMax: -1}
00:10:43.141 |S| HLE.OsThread.19 ServiceMm GetOld: Stubbed. {module: NvDec}
00:10:43.142 |S| HLE.OsThread.19 ServiceMm SetAndWaitOld: Stubbed. {module: NvDec ; clockRateMin: 200000000 ; clockRateMax: -1}
00:10:43.142 |S| HLE.OsThread.19 ServiceMm GetOld: Stubbed. {module: NvDec}
00:10:43.172 |S| HLE.OsThread.19 ServiceMm SetAndWaitOld: Stubbed. {module: NvDec ; clockRateMin: 200000000 ; clockRateMax: -1}
00:10:43.172 |S| HLE.OsThread.19 ServiceMm GetOld: Stubbed. {module: NvDec}
00:10:43.172 |S| HLE.OsThread.19 ServiceMm SetAndWaitOld: Stubbed. {module: NvDec ; clockRateMin: 200000000 ; clockRateMax: -1}
00:10:43.173 |S| HLE.OsThread.19 ServiceMm GetOld: Stubbed. {module: NvDec}
00:10:43.208 |S| HLE.OsThread.19 ServiceMm SetAndWaitOld: Stubbed. {module: NvDec ; clockRateMin: 200000000 ; clockRateMax: -1}
00:10:43.208 |S| HLE.OsThread.19 ServiceMm GetOld: Stubbed. {module: NvDec}
00:10:43.209 |S| HLE.OsThread.19 ServiceMm SetAndWaitOld: Stubbed. {module: NvDec ; clockRateMin: 200000000 ; clockRateMax: -1}
00:10:43.209 |S| HLE.OsThread.19 ServiceMm GetOld: Stubbed. {module: NvDec}
00:10:43.239 |S| HLE.OsThread.19 ServiceMm SetAndWaitOld: Stubbed. {module: NvDec ; clockRateMin: 200000000 ; clockRateMax: -1}
00:10:43.239 |S| HLE.OsThread.19 ServiceMm GetOld: Stubbed. {module: NvDec}
00:10:43.239 |S| HLE.OsThread.19 ServiceMm SetAndWaitOld: Stubbed. {module: NvDec ; clockRateMin: 200000000 ; clockRateMax: -1}
00:10:43.240 |S| HLE.OsThread.19 ServiceMm GetOld: Stubbed. {module: NvDec}
00:10:43.272 |S| HLE.OsThread.19 ServiceMm SetAndWaitOld: Stubbed. {module: NvDec ; clockRateMin: 200000000 ; clockRateMax: -1}
00:10:43.273 |S| HLE.OsThread.19 ServiceMm GetOld: Stubbed. {module: NvDec}
00:10:43.273 |S| HLE.OsThread.19 ServiceMm SetAndWaitOld: Stubbed. {module: NvDec ; clockRateMin: 200000000 ; clockRateMax: -1}
00:10:43.273 |S| HLE.OsThread.19 ServiceMm GetOld: Stubbed. {module: NvDec}
00:10:43.309 |S| HLE.OsThread.19 ServiceMm SetAndWaitOld: Stubbed. {module: NvDec ; clockRateMin: 200000000 ; clockRateMax: -1}
00:10:43.309 |S| HLE.OsThread.19 ServiceMm GetOld: Stubbed. {module: NvDec}
00:10:43.310 |S| HLE.OsThread.19 ServiceMm SetAndWaitOld: Stubbed. {module: NvDec ; clockRateMin: 200000000 ; clockRateMax: -1}
00:10:43.310 |S| HLE.OsThread.19 ServiceMm GetOld: Stubbed. {module: NvDec}
00:10:43.339 |S| HLE.OsThread.19 ServiceMm SetAndWaitOld: Stubbed. {module: NvDec ; clockRateMin: 200000000 ; clockRateMax: -1}
00:10:43.339 |S| HLE.OsThread.19 ServiceMm GetOld: Stubbed. {module: NvDec}
00:10:43.339 |S| HLE.OsThread.19 ServiceMm SetAndWaitOld: Stubbed. {module: NvDec ; clockRateMin: 200000000 ; clockRateMax: -1}
00:10:43.339 |S| HLE.OsThread.19 ServiceMm GetOld: Stubbed. {module: NvDec}
00:10:43.374 |S| HLE.OsThread.19 ServiceMm SetAndWaitOld: Stubbed. {module: NvDec ; clockRateMin: 200000000 ; clockRateMax: -1}
00:10:43.374 |S| HLE.OsThread.19 ServiceMm GetOld: Stubbed. {module: NvDec}
00:10:43.375 |S| HLE.OsThread.19 ServiceMm SetAndWaitOld: Stubbed. {module: NvDec ; clockRateMin: 200000000 ; clockRateMax: -1}
00:10:43.375 |S| HLE.OsThread.19 ServiceMm GetOld: Stubbed. {module: NvDec}
00:10:43.410 |S| HLE.OsThread.19 ServiceMm SetAndWaitOld: Stubbed. {module: NvDec ; clockRateMin: 200000000 ; clockRateMax: -1}
00:10:43.410 |S| HLE.OsThread.19 ServiceMm GetOld: Stubbed. {module: NvDec}
00:10:43.439 |S| HLE.OsThread.19 ServiceMm SetAndWaitOld: Stubbed. {module: NvDec ; clockRateMin: 200000000 ; clockRateMax: -1}
00:10:43.439 |S| HLE.OsThread.19 ServiceMm GetOld: Stubbed. {module: NvDec}
00:10:43.476 |S| HLE.OsThread.19 ServiceMm SetAndWaitOld: Stubbed. {module: NvDec ; clockRateMin: 200000000 ; clockRateMax: -1}
00:10:43.476 |S| HLE.OsThread.19 ServiceMm GetOld: Stubbed. {module: NvDec}
00:10:43.477 |S| HLE.OsThread.19 ServiceMm SetAndWaitOld: Stubbed. {module: NvDec ; clockRateMin: 200000000 ; clockRateMax: -1}
00:10:43.477 |S| HLE.OsThread.19 ServiceMm GetOld: Stubbed. {module: NvDec}
00:10:43.539 |S| HLE.OsThread.19 ServiceMm SetAndWaitOld: Stubbed. {module: NvDec ; clockRateMin: 200000000 ; clockRateMax: -1}
00:10:43.539 |S| HLE.OsThread.19 ServiceMm GetOld: Stubbed. {module: NvDec}
00:10:43.549 |S| HLE.OsThread.19 ServiceMm SetAndWaitOld: Stubbed. {module: NvDec ; clockRateMin: 200000000 ; clockRateMax: -1}
00:10:43.549 |S| HLE.OsThread.19 ServiceMm GetOld: Stubbed. {module: NvDec}
00:10:43.559 |S| HLE.OsThread.19 ServiceMm SetAndWaitOld: Stubbed. {module: NvDec ; clockRateMin: 200000000 ; clockRateMax: -1}
00:10:43.559 |S| HLE.OsThread.19 ServiceMm GetOld: Stubbed. {module: NvDec}
00:10:43.560 |S| HLE.OsThread.19 ServiceMm SetAndWaitOld: Stubbed. {module: NvDec ; clockRateMin: 200000000 ; clockRateMax: -1}
00:10:43.561 |S| HLE.OsThread.19 ServiceMm GetOld: Stubbed. {module: NvDec}
00:10:43.589 |S| HLE.OsThread.19 ServiceMm SetAndWaitOld: Stubbed. {module: NvDec ; clockRateMin: 200000000 ; clockRateMax: -1}
00:10:43.589 |S| HLE.OsThread.19 ServiceMm GetOld: Stubbed. {module: NvDec}
00:10:43.607 |S| HLE.OsThread.19 ServiceMm SetAndWaitOld: Stubbed. {module: NvDec ; clockRateMin: 200000000 ; clockRateMax: -1}
00:10:43.607 |S| HLE.OsThread.19 ServiceMm GetOld: Stubbed. {module: NvDec}
00:10:43.618 |S| HLE.OsThread.19 ServiceMm SetAndWaitOld: Stubbed. {module: NvDec ; clockRateMin: 200000000 ; clockRateMax: -1}
00:10:43.618 |S| HLE.OsThread.19 ServiceMm GetOld: Stubbed. {module: NvDec}
00:10:43.619 |S| HLE.OsThread.19 ServiceMm SetAndWaitOld: Stubbed. {module: NvDec ; clockRateMin: 200000000 ; clockRateMax: -1}
00:10:43.619 |S| HLE.OsThread.19 ServiceMm GetOld: Stubbed. {module: NvDec}
00:10:43.660 |S| HLE.OsThread.19 ServiceMm SetAndWaitOld: Stubbed. {module: NvDec ; clockRateMin: 200000000 ; clockRateMax: -1}
00:10:43.660 |S| HLE.OsThread.19 ServiceMm GetOld: Stubbed. {module: NvDec}
00:10:47.117 |S| HLE.OsThread.47 ServiceAm LockExit: Stubbed. 
00:10:47.310 |S| HLE.OsThread.47 ServiceAm UnlockExit: Stubbed. 
00:11:12.330 |I| .NET TP Worker Ptc Save: Saved Profiling Info (size: 182772 bytes, profiled functions: 60665).
00:11:16.371 |I| HLE.OsThread.22 ServicePrepo ProcessPlayReport: 
PlayReport log:
 Kind: Normal
 Pid: 127
 ApplicationVersion: 0
 UserId: 00000000000000010000000000000000
 Room: ui 
 Report: {
    "SequenceTime": 20260508112736,
    "SequenceNumber": 3,
    "To": "Race",
    "From": "RaceStart"
}

00:11:17.545 |S| HLE.OsThread.19 ServiceMm SetAndWaitOld: Stubbed. {module: NvDec ; clockRateMin: 200000000 ; clockRateMax: -1}
00:11:17.546 |S| HLE.OsThread.19 ServiceMm GetOld: Stubbed. {module: NvDec}
00:11:17.547 |S| HLE.OsThread.19 ServiceMm SetAndWaitOld: Stubbed. {module: NvDec ; clockRateMin: 4294966296 ; clockRateMax: -1}
00:11:17.547 |S| HLE.OsThread.19 ServiceMm GetOld: Stubbed. {module: NvDec}
00:11:17.547 |S| HLE.OsThread.19 ServiceMm SetAndWaitOld: Stubbed. {module: NvDec ; clockRateMin: 4294966296 ; clockRateMax: -1}
00:11:17.547 |S| HLE.OsThread.19 ServiceMm GetOld: Stubbed. {module: NvDec}
00:11:17.547 |S| HLE.OsThread.19 ServiceMm SetAndWaitOld: Stubbed. {module: NvDec ; clockRateMin: 4294966296 ; clockRateMax: -1}
00:11:17.547 |S| HLE.OsThread.19 ServiceMm GetOld: Stubbed. {module: NvDec}
00:11:17.548 |S| HLE.OsThread.19 ServiceMm SetAndWaitOld: Stubbed. {module: NvDec ; clockRateMin: 0 ; clockRateMax: -1}
00:11:17.549 |S| HLE.OsThread.19 ServiceMm FinalizeOld: Stubbed. {module: NvDec}
00:11:24.871 |W| HLE.OsThread.4 ServiceNv Wait: GPU processing thread is too slow, waiting on CPU...
00:11:25.871 |E| HLE.OsThread.4 Gpu WaitOnSyncpoint: Wait on syncpoint 1 for threshold 108775 took more than 1000ms, resuming execution...
00:11:26.827 |W| HLE.OsThread.4 ServiceNv Wait: GPU processing thread is too slow, waiting on CPU...
00:11:42.078 |I| .NET TP Worker Ptc Save: Saved Profiling Info (size: 182799 bytes, profiled functions: 60670).
00:12:12.332 |I| .NET TP Worker Ptc Save: Saved Profiling Info (size: 182803 bytes, profiled functions: 60671).
00:12:41.962 |I| .NET TP Worker Ptc Save: Saved Profiling Info (size: 182806 bytes, profiled functions: 60672).
00:12:58.292 |W| HLE.OsThread.4 ServiceNv Wait: GPU processing thread is too slow, waiting on CPU...
00:13:32.115 |I| HLE.OsThread.22 ServicePrepo ProcessPlayReport: 
PlayReport log:
 Kind: Normal
 Pid: 127
 ApplicationVersion: 0
 UserId: 00000000000000010000000000000000
 Room: match 
 Report: {
    "BeginTime": 20260508112753,
    "Nation": "-",
    "RaceNo": 0,
    "Mode": "Offline",
    "Rule": "VS",
    "Engine": "200cc",
    "Course": "Gu_FirstCircuit",
    "ItemPattern": "Normal",
    "BattleTime": "-",
    "CPU": "Normal",
    "TeamMode": "Disable",
    "KartNum": 12,
    "BeginActiveUserNum": 1,
    "LocalPlayerNum": 1,
    "Controller": "NXFullkey",
    "Driver": "Mario",
    "Body": "K_Std",
    "Tire": "Std",
    "Wing": "Std",
    "Team": "None",
    "BeginRate": 0,
    "GatheringID": 0,
    "RankHistory1": {
        "TypeCode": 0,
        "Value": "0x000000000111112C"
    },
    "RankHistory2": {
        "TypeCode": 0,
        "Value": "0x0000000000000000"
    },
    "FinishReason": "Finish",
    "EndTime": 20260508112952,
    "Drift": 18,
    "MiniTurbo1": 11,
    "MiniTurbo2": 6,
    "MiniTurbo3": 0,
    "JumpAction": 4,
    "JugemRescue": 0,
    "CoinNum": 10,
    "RunTimeFrame": 5935,
    "GyroTimeFrame": 0,
    "AssistTimeFrame": 5935,
    "AutoAccelTimeFrame": 0,
    "ShowMapTimeFrame": 5935,
    "GainPoints": 0,
    "LosePoints": 0,
    "Rank": 1,
    "WinLose": "None",
    "Points": 15,
    "WinNation": "-",
    "DrawNation": "-",
    "LoseNation": "-",
    "ErrorCode": "-",
    "AppError": "-",
    "EndActiveUserNum": 1,
    "EndRate": 0
}

00:13:32.115 |S| HLE.OsThread.47 ServiceAm LockExit: Stubbed. 
00:13:32.574 |S| HLE.OsThread.47 ServiceAm UnlockExit: Stubbed. 
00:13:38.553 |S| HLE.OsThread.47 ServiceAm LockExit: Stubbed. 
00:13:39.789 |S| HLE.OsThread.47 ServiceAm UnlockExit: Stubbed. 
00:13:41.958 |I| .NET TP Worker Ptc Save: Saved Profiling Info (size: 182828 bytes, profiled functions: 60677).
00:13:43.897 |S| HLE.OsThread.47 ServiceAm SetFocusHandlingMode: Stubbed. {unknownFlag1: True ; unknownFlag2: False ; unknownFlag3: True}
00:13:44.155 |W| HLE.OsThread.4 ServiceNv Wait: GPU processing thread is too slow, waiting on CPU...
00:14:11.478 |W| HLE.GuestThread.48 KernelSvc : SendSyncRequest() = TerminationRequested
00:14:11.478 |W| HLE.GuestThread.53 KernelSvc : WaitProcessWideKeyAtomic() = TerminationRequested
00:14:11.478 |W| HLE.GuestThread.46 KernelSvc : ArbitrateLock() = TerminationRequested
00:14:11.478 |W| HLE.GuestThread.49 KernelSvc : WaitProcessWideKeyAtomic() = TerminationRequested
00:14:11.478 |W| HLE.GuestThread.55 KernelSvc : WaitProcessWideKeyAtomic() = TerminationRequested
00:14:11.478 |W| HLE.GuestThread.56 KernelSvc : WaitProcessWideKeyAtomic() = TerminationRequested
00:14:11.478 |W| HLE.GuestThread.50 KernelSvc : WaitProcessWideKeyAtomic() = TerminationRequested
00:14:11.478 |W| HLE.GuestThread.52 KernelSvc : WaitProcessWideKeyAtomic() = TerminationRequested
00:14:11.478 |W| HLE.GuestThread.57 KernelSvc : WaitProcessWideKeyAtomic() = TerminationRequested
00:14:11.478 |W| HLE.GuestThread.69 KernelSvc : WaitProcessWideKeyAtomic() = TerminationRequested
00:14:11.478 |W| HLE.GuestThread.54 KernelSvc : WaitProcessWideKeyAtomic() = TerminationRequested
00:14:11.478 |W| HLE.GuestThread.203 KernelSvc : WaitProcessWideKeyAtomic() = TerminationRequested
00:14:11.478 |W| HLE.GuestThread.58 KernelSvc : WaitProcessWideKeyAtomic() = TerminationRequested
00:14:11.479 |W| HLE.GuestThread.204 KernelSvc : WaitProcessWideKeyAtomic() = TerminationRequested
00:14:11.479 |W| HLE.GuestThread.59 KernelSvc : WaitProcessWideKeyAtomic() = TerminationRequested
00:14:11.479 |W| HLE.GuestThread.60 KernelSvc : WaitProcessWideKeyAtomic() = TerminationRequested
00:14:11.479 |W| HLE.GuestThread.71 KernelSvc : WaitProcessWideKeyAtomic() = TerminationRequested
00:14:11.479 |W| HLE.GuestThread.61 KernelSvc : WaitProcessWideKeyAtomic() = TerminationRequested
00:14:11.479 |W| HLE.GuestThread.72 KernelSvc : WaitProcessWideKeyAtomic() = TerminationRequested
00:14:11.479 |W| HLE.GuestThread.62 KernelSvc : WaitProcessWideKeyAtomic() = TerminationRequested
00:14:11.479 |W| HLE.GuestThread.73 KernelSvc : WaitSynchronization(handleIndex: 0xFFFFFFFF) = TerminationRequested
00:14:11.479 |W| HLE.GuestThread.74 KernelSvc : WaitProcessWideKeyAtomic() = TerminationRequested
00:14:11.479 |W| HLE.GuestThread.63 KernelSvc : WaitProcessWideKeyAtomic() = TerminationRequested
00:14:11.479 |W| HLE.GuestThread.75 KernelSvc : WaitProcessWideKeyAtomic() = TerminationRequested
00:14:11.479 |W| HLE.GuestThread.77 KernelSvc : WaitProcessWideKeyAtomic() = TerminationRequested
00:14:11.480 |W| HLE.GuestThread.64 KernelSvc : WaitSynchronization(handleIndex: 0xFFFFFFFF) = TerminationRequested
00:14:11.480 |W| HLE.GuestThread.70 KernelSvc : WaitProcessWideKeyAtomic() = TerminationRequested
00:14:11.480 |W| HLE.GuestThread.78 KernelSvc : WaitProcessWideKeyAtomic() = TerminationRequested
00:14:11.480 |W| HLE.GuestThread.79 KernelSvc : WaitProcessWideKeyAtomic() = TerminationRequested
00:14:11.480 |W| HLE.GuestThread.80 KernelSvc : WaitProcessWideKeyAtomic() = TerminationRequested
00:14:11.480 |W| HLE.GuestThread.208 KernelSvc : WaitProcessWideKeyAtomic() = TerminationRequested
00:14:11.480 |W| HLE.GuestThread.209 KernelSvc : WaitProcessWideKeyAtomic() = TerminationRequested
00:14:11.480 |W| HLE.GuestThread.210 KernelSvc : WaitProcessWideKeyAtomic() = TerminationRequested
00:14:11.480 |W| HLE.GuestThread.211 KernelSvc : WaitProcessWideKeyAtomic() = TerminationRequested
00:14:11.480 |W| HLE.GuestThread.212 KernelSvc : WaitProcessWideKeyAtomic() = TerminationRequested
00:14:11.481 |W| HLE.GuestThread.213 KernelSvc : WaitProcessWideKeyAtomic() = TerminationRequested
00:14:11.485 |E| HLE.OsThread.7 SurfaceFlinger DequeueBuffer: No available buffer slots
00:14:11.486 |I| HLE.OsThread.11 AudioRenderer Stop: Stopping renderer id 0
00:14:11.486 |I| HLE.OsThread.11 AudioRenderer Stop: Stopped renderer id 0
00:14:11.487 |I| HLE.OsThread.11 AudioRenderer ReleaseSessionId: Unregistered renderer (0)
00:14:11.487 |E| HLE.OsThread.7 SurfaceFlinger OnTransact: Error returned by transaction DequeueBuffer: Busy
00:14:11.564 |I| AudioProcessor.Worker AudioRenderer Work: Stopping audio processor
00:14:11.683 |I| HLE.OsThread.11 AudioRenderer StopLocked: Stopped audio renderer
00:14:11.732 |W| GUI.WindowThread ServiceNv Close: Closing channel
00:14:11.733 |W| GUI.WindowThread ServiceNv Close: Closing channel
00:14:11.733 |W| GUI.WindowThread ServiceNv Close: Closing channel
00:14:11.957 |I| .NET TP Worker Ptc Save: Saved Profiling Info (size: 182831 bytes, profiled functions: 60677).
